<?xml version="1.0" encoding="UTF-8"?>
<robot generator="Robot 6.0.1 (Python 3.11.0 on win32)" generated="20221216 16:03:54.827" rpa="false" schemaversion="3">
<suite id="s1" name="DataDrivenLogin" source="C:\Users\KnoDTec\PycharmProjects\PPT_Robot_Framework\PPT_Testcases\DataDrivenLogin.robot">
<test id="s1-t1" name="LoginDataDriven" line="16">
<kw name="Open Browser and Maximize LoginPage" library="Resource_setupnteardown" type="SETUP">
<kw name="Open Browser" library="SeleniumLibrary">
<arg>${URL}</arg>
<arg>${Browser}</arg>
<doc>Opens a new browser instance to the optional ``url``.</doc>
<msg timestamp="20221216 16:03:55.692" level="INFO">Opening browser 'chrome' to base url 'http://localhost:5003/'.</msg>
<status status="PASS" starttime="20221216 16:03:55.692" endtime="20221216 16:03:56.958"/>
</kw>
<kw name="Maximize Browser Window" library="SeleniumLibrary">
<doc>Maximizes current browser window.</doc>
<status status="PASS" starttime="20221216 16:03:56.958" endtime="20221216 16:03:57.074"/>
</kw>
<kw name="Sleep" library="BuiltIn">
<arg>2s</arg>
<doc>Pauses the test executed for the given time.</doc>
<msg timestamp="20221216 16:03:59.076" level="INFO">Slept 2 seconds</msg>
<status status="PASS" starttime="20221216 16:03:57.074" endtime="20221216 16:03:59.076"/>
</kw>
<status status="PASS" starttime="20221216 16:03:55.692" endtime="20221216 16:03:59.076"/>
</kw>
<kw name="MultipleLogin">
<arg>Peter </arg>
<arg>123</arg>
<kw name="Set Selenium Implicit Wait" library="SeleniumLibrary">
<arg>${timer}</arg>
<doc>Sets the implicit wait value used by Selenium.</doc>
<status status="PASS" starttime="20221216 16:03:59.076" endtime="20221216 16:03:59.076"/>
</kw>
<kw name="input User" library="Resource_Datadrivenlogin">
<arg>${Username}</arg>
<kw name="Input Text" library="SeleniumLibrary">
<arg>id:UserName</arg>
<arg>${Username}</arg>
<doc>Types the given ``text`` into the text field identified by ``locator``.</doc>
<msg timestamp="20221216 16:03:59.076" level="INFO">Typing text 'Peter ' into text field 'id:UserName'.</msg>
<status status="PASS" starttime="20221216 16:03:59.076" endtime="20221216 16:03:59.197"/>
</kw>
<status status="PASS" starttime="20221216 16:03:59.076" endtime="20221216 16:03:59.197"/>
</kw>
<kw name="input Password" library="Resource_Datadrivenlogin">
<arg>${Password}</arg>
<kw name="Input Text" library="SeleniumLibrary">
<arg>id:Password</arg>
<arg>${Password}</arg>
<doc>Types the given ``text`` into the text field identified by ``locator``.</doc>
<msg timestamp="20221216 16:03:59.199" level="INFO">Typing text '123' into text field 'id:Password'.</msg>
<status status="PASS" starttime="20221216 16:03:59.198" endtime="20221216 16:03:59.274"/>
</kw>
<status status="PASS" starttime="20221216 16:03:59.198" endtime="20221216 16:03:59.274"/>
</kw>
<kw name="Signin" library="Resource_Datadrivenlogin">
<kw name="Set Selenium Implicit Wait" library="SeleniumLibrary">
<arg>${timer}</arg>
<doc>Sets the implicit wait value used by Selenium.</doc>
<status status="PASS" starttime="20221216 16:03:59.275" endtime="20221216 16:03:59.277"/>
</kw>
<kw name="Click Element" library="SeleniumLibrary">
<arg>${signinbutton_Xpath}</arg>
<doc>Click the element identified by ``locator``.</doc>
<msg timestamp="20221216 16:03:59.277" level="INFO">Clicking element 'xpath://*[@id="layoutAuthentication_content"]/main/div/div[1]/div/div/form/div[4]/button'.</msg>
<status status="PASS" starttime="20221216 16:03:59.277" endtime="20221216 16:03:59.762"/>
</kw>
<status status="PASS" starttime="20221216 16:03:59.275" endtime="20221216 16:03:59.763"/>
</kw>
<kw name="Logout" library="Resource_Datadrivenlogin">
<kw name="Click Element" library="SeleniumLibrary">
<arg>${ClickUserDropDown_Xpath}</arg>
<doc>Click the element identified by ``locator``.</doc>
<msg timestamp="20221216 16:03:59.764" level="INFO">Clicking element 'xpath://*[@id="userDropdown"]'.</msg>
<status status="PASS" starttime="20221216 16:03:59.763" endtime="20221216 16:03:59.860"/>
</kw>
<kw name="Set Selenium Implicit Wait" library="SeleniumLibrary">
<arg>${timer}</arg>
<doc>Sets the implicit wait value used by Selenium.</doc>
<status status="PASS" starttime="20221216 16:03:59.861" endtime="20221216 16:03:59.863"/>
</kw>
<kw name="Click Element" library="SeleniumLibrary">
<arg>${ClickLogout_Xpath}</arg>
<doc>Click the element identified by ``locator``.</doc>
<msg timestamp="20221216 16:03:59.863" level="INFO">Clicking element 'xpath://*[@id="adminicon"]/ul/li/div/a'.</msg>
<status status="PASS" starttime="20221216 16:03:59.863" endtime="20221216 16:04:00.137"/>
</kw>
<status status="PASS" starttime="20221216 16:03:59.763" endtime="20221216 16:04:00.138"/>
</kw>
<status status="PASS" starttime="20221216 16:03:59.076" endtime="20221216 16:04:00.138"/>
</kw>
<kw name="Close Browser Window" library="Resource_setupnteardown" type="TEARDOWN">
<kw name="Close Browser" library="SeleniumLibrary">
<doc>Closes the current browser.</doc>
<status status="PASS" starttime="20221216 16:04:00.140" endtime="20221216 16:04:02.311"/>
</kw>
<kw name="Log To Console" library="BuiltIn">
<arg>Test Completed</arg>
<doc>Logs the given message to the console.</doc>
<status status="PASS" starttime="20221216 16:04:02.311" endtime="20221216 16:04:02.311"/>
</kw>
<status status="PASS" starttime="20221216 16:04:00.140" endtime="20221216 16:04:02.311"/>
</kw>
<status status="PASS" starttime="20221216 16:03:55.692" endtime="20221216 16:04:02.311"/>
</test>
<test id="s1-t2" name="LoginDataDriven" line="16">
<kw name="Open Browser and Maximize LoginPage" library="Resource_setupnteardown" type="SETUP">
<kw name="Open Browser" library="SeleniumLibrary">
<arg>${URL}</arg>
<arg>${Browser}</arg>
<doc>Opens a new browser instance to the optional ``url``.</doc>
<msg timestamp="20221216 16:04:02.311" level="INFO">Opening browser 'chrome' to base url 'http://localhost:5003/'.</msg>
<status status="PASS" starttime="20221216 16:04:02.311" endtime="20221216 16:04:04.315"/>
</kw>
<kw name="Maximize Browser Window" library="SeleniumLibrary">
<doc>Maximizes current browser window.</doc>
<status status="PASS" starttime="20221216 16:04:04.316" endtime="20221216 16:04:04.425"/>
</kw>
<kw name="Sleep" library="BuiltIn">
<arg>2s</arg>
<doc>Pauses the test executed for the given time.</doc>
<msg timestamp="20221216 16:04:06.426" level="INFO">Slept 2 seconds</msg>
<status status="PASS" starttime="20221216 16:04:04.426" endtime="20221216 16:04:06.426"/>
</kw>
<status status="PASS" starttime="20221216 16:04:02.311" endtime="20221216 16:04:06.426"/>
</kw>
<kw name="MultipleLogin">
<arg>Jamie</arg>
<arg>1234</arg>
<kw name="Set Selenium Implicit Wait" library="SeleniumLibrary">
<arg>${timer}</arg>
<doc>Sets the implicit wait value used by Selenium.</doc>
<status status="PASS" starttime="20221216 16:04:06.428" endtime="20221216 16:04:06.430"/>
</kw>
<kw name="input User" library="Resource_Datadrivenlogin">
<arg>${Username}</arg>
<kw name="Input Text" library="SeleniumLibrary">
<arg>id:UserName</arg>
<arg>${Username}</arg>
<doc>Types the given ``text`` into the text field identified by ``locator``.</doc>
<msg timestamp="20221216 16:04:06.432" level="INFO">Typing text 'Jamie' into text field 'id:UserName'.</msg>
<status status="PASS" starttime="20221216 16:04:06.430" endtime="20221216 16:04:06.527"/>
</kw>
<status status="PASS" starttime="20221216 16:04:06.430" endtime="20221216 16:04:06.527"/>
</kw>
<kw name="input Password" library="Resource_Datadrivenlogin">
<arg>${Password}</arg>
<kw name="Input Text" library="SeleniumLibrary">
<arg>id:Password</arg>
<arg>${Password}</arg>
<doc>Types the given ``text`` into the text field identified by ``locator``.</doc>
<msg timestamp="20221216 16:04:06.528" level="INFO">Typing text '1234' into text field 'id:Password'.</msg>
<status status="PASS" starttime="20221216 16:04:06.528" endtime="20221216 16:04:06.600"/>
</kw>
<status status="PASS" starttime="20221216 16:04:06.528" endtime="20221216 16:04:06.600"/>
</kw>
<kw name="Signin" library="Resource_Datadrivenlogin">
<kw name="Set Selenium Implicit Wait" library="SeleniumLibrary">
<arg>${timer}</arg>
<doc>Sets the implicit wait value used by Selenium.</doc>
<status status="PASS" starttime="20221216 16:04:06.600" endtime="20221216 16:04:06.602"/>
</kw>
<kw name="Click Element" library="SeleniumLibrary">
<arg>${signinbutton_Xpath}</arg>
<doc>Click the element identified by ``locator``.</doc>
<msg timestamp="20221216 16:04:06.602" level="INFO">Clicking element 'xpath://*[@id="layoutAuthentication_content"]/main/div/div[1]/div/div/form/div[4]/button'.</msg>
<status status="PASS" starttime="20221216 16:04:06.602" endtime="20221216 16:04:06.827"/>
</kw>
<status status="PASS" starttime="20221216 16:04:06.600" endtime="20221216 16:04:06.827"/>
</kw>
<kw name="Logout" library="Resource_Datadrivenlogin">
<kw name="Click Element" library="SeleniumLibrary">
<arg>${ClickUserDropDown_Xpath}</arg>
<doc>Click the element identified by ``locator``.</doc>
<msg timestamp="20221216 16:04:06.828" level="INFO">Clicking element 'xpath://*[@id="userDropdown"]'.</msg>
<status status="PASS" starttime="20221216 16:04:06.828" endtime="20221216 16:04:06.928"/>
</kw>
<kw name="Set Selenium Implicit Wait" library="SeleniumLibrary">
<arg>${timer}</arg>
<doc>Sets the implicit wait value used by Selenium.</doc>
<status status="PASS" starttime="20221216 16:04:06.928" endtime="20221216 16:04:06.929"/>
</kw>
<kw name="Click Element" library="SeleniumLibrary">
<arg>${ClickLogout_Xpath}</arg>
<doc>Click the element identified by ``locator``.</doc>
<msg timestamp="20221216 16:04:06.930" level="INFO">Clicking element 'xpath://*[@id="adminicon"]/ul/li/div/a'.</msg>
<status status="PASS" starttime="20221216 16:04:06.929" endtime="20221216 16:04:07.018"/>
</kw>
<status status="PASS" starttime="20221216 16:04:06.827" endtime="20221216 16:04:07.018"/>
</kw>
<status status="PASS" starttime="20221216 16:04:06.427" endtime="20221216 16:04:07.018"/>
</kw>
<kw name="Close Browser Window" library="Resource_setupnteardown" type="TEARDOWN">
<kw name="Close Browser" library="SeleniumLibrary">
<doc>Closes the current browser.</doc>
<status status="PASS" starttime="20221216 16:04:07.019" endtime="20221216 16:04:09.138"/>
</kw>
<kw name="Log To Console" library="BuiltIn">
<arg>Test Completed</arg>
<doc>Logs the given message to the console.</doc>
<status status="PASS" starttime="20221216 16:04:09.139" endtime="20221216 16:04:09.139"/>
</kw>
<status status="PASS" starttime="20221216 16:04:07.019" endtime="20221216 16:04:09.140"/>
</kw>
<status status="PASS" starttime="20221216 16:04:02.311" endtime="20221216 16:04:09.141"/>
</test>
<test id="s1-t3" name="LoginDataDriven" line="16">
<kw name="Open Browser and Maximize LoginPage" library="Resource_setupnteardown" type="SETUP">
<kw name="Open Browser" library="SeleniumLibrary">
<arg>${URL}</arg>
<arg>${Browser}</arg>
<doc>Opens a new browser instance to the optional ``url``.</doc>
<msg timestamp="20221216 16:04:09.150" level="INFO">Opening browser 'chrome' to base url 'http://localhost:5003/'.</msg>
<status status="PASS" starttime="20221216 16:04:09.149" endtime="20221216 16:04:11.093"/>
</kw>
<kw name="Maximize Browser Window" library="SeleniumLibrary">
<doc>Maximizes current browser window.</doc>
<status status="PASS" starttime="20221216 16:04:11.093" endtime="20221216 16:04:11.216"/>
</kw>
<kw name="Sleep" library="BuiltIn">
<arg>2s</arg>
<doc>Pauses the test executed for the given time.</doc>
<msg timestamp="20221216 16:04:13.216" level="INFO">Slept 2 seconds</msg>
<status status="PASS" starttime="20221216 16:04:11.216" endtime="20221216 16:04:13.216"/>
</kw>
<status status="PASS" starttime="20221216 16:04:09.149" endtime="20221216 16:04:13.216"/>
</kw>
<kw name="MultipleLogin">
<arg>Sansa</arg>
<arg>456</arg>
<kw name="Set Selenium Implicit Wait" library="SeleniumLibrary">
<arg>${timer}</arg>
<doc>Sets the implicit wait value used by Selenium.</doc>
<status status="PASS" starttime="20221216 16:04:13.216" endtime="20221216 16:04:13.216"/>
</kw>
<kw name="input User" library="Resource_Datadrivenlogin">
<arg>${Username}</arg>
<kw name="Input Text" library="SeleniumLibrary">
<arg>id:UserName</arg>
<arg>${Username}</arg>
<doc>Types the given ``text`` into the text field identified by ``locator``.</doc>
<msg timestamp="20221216 16:04:13.216" level="INFO">Typing text 'Sansa' into text field 'id:UserName'.</msg>
<status status="PASS" starttime="20221216 16:04:13.216" endtime="20221216 16:04:13.323"/>
</kw>
<status status="PASS" starttime="20221216 16:04:13.216" endtime="20221216 16:04:13.323"/>
</kw>
<kw name="input Password" library="Resource_Datadrivenlogin">
<arg>${Password}</arg>
<kw name="Input Text" library="SeleniumLibrary">
<arg>id:Password</arg>
<arg>${Password}</arg>
<doc>Types the given ``text`` into the text field identified by ``locator``.</doc>
<msg timestamp="20221216 16:04:13.324" level="INFO">Typing text '456' into text field 'id:Password'.</msg>
<status status="PASS" starttime="20221216 16:04:13.323" endtime="20221216 16:04:13.412"/>
</kw>
<status status="PASS" starttime="20221216 16:04:13.323" endtime="20221216 16:04:13.413"/>
</kw>
<kw name="Signin" library="Resource_Datadrivenlogin">
<kw name="Set Selenium Implicit Wait" library="SeleniumLibrary">
<arg>${timer}</arg>
<doc>Sets the implicit wait value used by Selenium.</doc>
<status status="PASS" starttime="20221216 16:04:13.413" endtime="20221216 16:04:13.414"/>
</kw>
<kw name="Click Element" library="SeleniumLibrary">
<arg>${signinbutton_Xpath}</arg>
<doc>Click the element identified by ``locator``.</doc>
<msg timestamp="20221216 16:04:13.415" level="INFO">Clicking element 'xpath://*[@id="layoutAuthentication_content"]/main/div/div[1]/div/div/form/div[4]/button'.</msg>
<status status="PASS" starttime="20221216 16:04:13.414" endtime="20221216 16:04:13.633"/>
</kw>
<status status="PASS" starttime="20221216 16:04:13.413" endtime="20221216 16:04:13.633"/>
</kw>
<kw name="Logout" library="Resource_Datadrivenlogin">
<kw name="Click Element" library="SeleniumLibrary">
<arg>${ClickUserDropDown_Xpath}</arg>
<doc>Click the element identified by ``locator``.</doc>
<msg timestamp="20221216 16:04:13.634" level="INFO">Clicking element 'xpath://*[@id="userDropdown"]'.</msg>
<status status="PASS" starttime="20221216 16:04:13.633" endtime="20221216 16:04:13.718"/>
</kw>
<kw name="Set Selenium Implicit Wait" library="SeleniumLibrary">
<arg>${timer}</arg>
<doc>Sets the implicit wait value used by Selenium.</doc>
<status status="PASS" starttime="20221216 16:04:13.718" endtime="20221216 16:04:13.719"/>
</kw>
<kw name="Click Element" library="SeleniumLibrary">
<arg>${ClickLogout_Xpath}</arg>
<doc>Click the element identified by ``locator``.</doc>
<msg timestamp="20221216 16:04:13.720" level="INFO">Clicking element 'xpath://*[@id="adminicon"]/ul/li/div/a'.</msg>
<status status="PASS" starttime="20221216 16:04:13.719" endtime="20221216 16:04:13.800"/>
</kw>
<status status="PASS" starttime="20221216 16:04:13.633" endtime="20221216 16:04:13.801"/>
</kw>
<status status="PASS" starttime="20221216 16:04:13.216" endtime="20221216 16:04:13.801"/>
</kw>
<kw name="Close Browser Window" library="Resource_setupnteardown" type="TEARDOWN">
<kw name="Close Browser" library="SeleniumLibrary">
<doc>Closes the current browser.</doc>
<status status="PASS" starttime="20221216 16:04:13.801" endtime="20221216 16:04:15.912"/>
</kw>
<kw name="Log To Console" library="BuiltIn">
<arg>Test Completed</arg>
<doc>Logs the given message to the console.</doc>
<status status="PASS" starttime="20221216 16:04:15.912" endtime="20221216 16:04:15.912"/>
</kw>
<status status="PASS" starttime="20221216 16:04:13.801" endtime="20221216 16:04:15.912"/>
</kw>
<status status="PASS" starttime="20221216 16:04:09.146" endtime="20221216 16:04:15.912"/>
</test>
<test id="s1-t4" name="LoginDataDriven" line="16">
<kw name="Open Browser and Maximize LoginPage" library="Resource_setupnteardown" type="SETUP">
<kw name="Open Browser" library="SeleniumLibrary">
<arg>${URL}</arg>
<arg>${Browser}</arg>
<doc>Opens a new browser instance to the optional ``url``.</doc>
<msg timestamp="20221216 16:04:15.912" level="INFO">Opening browser 'chrome' to base url 'http://localhost:5003/'.</msg>
<status status="PASS" starttime="20221216 16:04:15.912" endtime="20221216 16:04:17.120"/>
</kw>
<kw name="Maximize Browser Window" library="SeleniumLibrary">
<doc>Maximizes current browser window.</doc>
<status status="PASS" starttime="20221216 16:04:17.120" endtime="20221216 16:04:17.240"/>
</kw>
<kw name="Sleep" library="BuiltIn">
<arg>2s</arg>
<doc>Pauses the test executed for the given time.</doc>
<msg timestamp="20221216 16:04:19.241" level="INFO">Slept 2 seconds</msg>
<status status="PASS" starttime="20221216 16:04:17.240" endtime="20221216 16:04:19.241"/>
</kw>
<status status="PASS" starttime="20221216 16:04:15.912" endtime="20221216 16:04:19.241"/>
</kw>
<kw name="MultipleLogin">
<arg>Arya </arg>
<arg>567</arg>
<kw name="Set Selenium Implicit Wait" library="SeleniumLibrary">
<arg>${timer}</arg>
<doc>Sets the implicit wait value used by Selenium.</doc>
<status status="PASS" starttime="20221216 16:04:19.241" endtime="20221216 16:04:19.241"/>
</kw>
<kw name="input User" library="Resource_Datadrivenlogin">
<arg>${Username}</arg>
<kw name="Input Text" library="SeleniumLibrary">
<arg>id:UserName</arg>
<arg>${Username}</arg>
<doc>Types the given ``text`` into the text field identified by ``locator``.</doc>
<msg timestamp="20221216 16:04:19.241" level="INFO">Typing text 'Arya ' into text field 'id:UserName'.</msg>
<status status="PASS" starttime="20221216 16:04:19.241" endtime="20221216 16:04:19.352"/>
</kw>
<status status="PASS" starttime="20221216 16:04:19.241" endtime="20221216 16:04:19.354"/>
</kw>
<kw name="input Password" library="Resource_Datadrivenlogin">
<arg>${Password}</arg>
<kw name="Input Text" library="SeleniumLibrary">
<arg>id:Password</arg>
<arg>${Password}</arg>
<doc>Types the given ``text`` into the text field identified by ``locator``.</doc>
<msg timestamp="20221216 16:04:19.354" level="INFO">Typing text '567' into text field 'id:Password'.</msg>
<status status="PASS" starttime="20221216 16:04:19.354" endtime="20221216 16:04:19.430"/>
</kw>
<status status="PASS" starttime="20221216 16:04:19.354" endtime="20221216 16:04:19.431"/>
</kw>
<kw name="Signin" library="Resource_Datadrivenlogin">
<kw name="Set Selenium Implicit Wait" library="SeleniumLibrary">
<arg>${timer}</arg>
<doc>Sets the implicit wait value used by Selenium.</doc>
<status status="PASS" starttime="20221216 16:04:19.431" endtime="20221216 16:04:19.432"/>
</kw>
<kw name="Click Element" library="SeleniumLibrary">
<arg>${signinbutton_Xpath}</arg>
<doc>Click the element identified by ``locator``.</doc>
<msg timestamp="20221216 16:04:19.432" level="INFO">Clicking element 'xpath://*[@id="layoutAuthentication_content"]/main/div/div[1]/div/div/form/div[4]/button'.</msg>
<status status="PASS" starttime="20221216 16:04:19.432" endtime="20221216 16:04:19.654"/>
</kw>
<status status="PASS" starttime="20221216 16:04:19.431" endtime="20221216 16:04:19.654"/>
</kw>
<kw name="Logout" library="Resource_Datadrivenlogin">
<kw name="Click Element" library="SeleniumLibrary">
<arg>${ClickUserDropDown_Xpath}</arg>
<doc>Click the element identified by ``locator``.</doc>
<msg timestamp="20221216 16:04:19.655" level="INFO">Clicking element 'xpath://*[@id="userDropdown"]'.</msg>
<status status="PASS" starttime="20221216 16:04:19.655" endtime="20221216 16:04:19.753"/>
</kw>
<kw name="Set Selenium Implicit Wait" library="SeleniumLibrary">
<arg>${timer}</arg>
<doc>Sets the implicit wait value used by Selenium.</doc>
<status status="PASS" starttime="20221216 16:04:19.753" endtime="20221216 16:04:19.754"/>
</kw>
<kw name="Click Element" library="SeleniumLibrary">
<arg>${ClickLogout_Xpath}</arg>
<doc>Click the element identified by ``locator``.</doc>
<msg timestamp="20221216 16:04:19.755" level="INFO">Clicking element 'xpath://*[@id="adminicon"]/ul/li/div/a'.</msg>
<status status="PASS" starttime="20221216 16:04:19.754" endtime="20221216 16:04:19.854"/>
</kw>
<status status="PASS" starttime="20221216 16:04:19.654" endtime="20221216 16:04:19.854"/>
</kw>
<status status="PASS" starttime="20221216 16:04:19.241" endtime="20221216 16:04:19.854"/>
</kw>
<kw name="Close Browser Window" library="Resource_setupnteardown" type="TEARDOWN">
<kw name="Close Browser" library="SeleniumLibrary">
<doc>Closes the current browser.</doc>
<status status="PASS" starttime="20221216 16:04:19.854" endtime="20221216 16:04:22.085"/>
</kw>
<kw name="Log To Console" library="BuiltIn">
<arg>Test Completed</arg>
<doc>Logs the given message to the console.</doc>
<status status="PASS" starttime="20221216 16:04:22.085" endtime="20221216 16:04:22.085"/>
</kw>
<status status="PASS" starttime="20221216 16:04:19.854" endtime="20221216 16:04:22.085"/>
</kw>
<status status="PASS" starttime="20221216 16:04:15.912" endtime="20221216 16:04:22.085"/>
</test>
<status status="PASS" starttime="20221216 16:03:54.827" endtime="20221216 16:04:22.085"/>
</suite>
<statistics>
<total>
<stat pass="4" fail="0" skip="0">All Tests</stat>
</total>
<tag>
</tag>
<suite>
<stat pass="4" fail="0" skip="0" id="s1" name="DataDrivenLogin">DataDrivenLogin</stat>
</suite>
</statistics>
<errors>
<msg timestamp="20221216 16:04:02.311" level="WARN">Multiple tests with name 'LoginDataDriven' executed in suite 'DataDrivenLogin'.</msg>
<msg timestamp="20221216 16:04:09.141" level="WARN">Multiple tests with name 'LoginDataDriven' executed in suite 'DataDrivenLogin'.</msg>
<msg timestamp="20221216 16:04:15.912" level="WARN">Multiple tests with name 'LoginDataDriven' executed in suite 'DataDrivenLogin'.</msg>
</errors>
</robot>
