<?xml version="1.0" encoding="UTF-8"?>
<robot generator="Robot 5.0.1 (Python 3.10.5 on win32)" generated="20221121 16:53:45.002" rpa="false" schemaversion="3">
<suite id="s1" name="test18 LabelPage" source="C:\Users\KnoDTec - Dheeraj\PycharmProjects\PPTRobotFrameWork\PPT_Testcases\test18_LabelPage.robot">
<test id="s1-t1" name="ProjectLabelPath" line="44">
<kw name="LabelPage">
<kw name="Open Browser" library="SeleniumLibrary">
<arg>${url}</arg>
<arg>${browser}</arg>
<doc>Opens a new browser instance to the optional ``url``.</doc>
<msg timestamp="20221121 16:53:45.158" level="INFO">Opening browser 'chrome' to base url 'http://localhost:5003/'.</msg>
<status status="PASS" starttime="20221121 16:53:45.158" endtime="20221121 16:53:46.587"/>
</kw>
<kw name="Maximize Browser Window" library="SeleniumLibrary">
<doc>Maximizes current browser window.</doc>
<status status="PASS" starttime="20221121 16:53:46.587" endtime="20221121 16:53:46.708"/>
</kw>
<kw name="Set Selenium Implicit Wait" library="SeleniumLibrary">
<arg>${timer}</arg>
<doc>Sets the implicit wait value used by Selenium.</doc>
<status status="PASS" starttime="20221121 16:53:46.708" endtime="20221121 16:53:46.710"/>
</kw>
<kw name="Input Text" library="SeleniumLibrary">
<arg>id:UserName</arg>
<arg>OCUA4</arg>
<doc>Types the given ``text`` into the text field identified by ``locator``.</doc>
<msg timestamp="20221121 16:53:46.710" level="INFO">Typing text 'OCUA4' into text field 'id:UserName'.</msg>
<status status="PASS" starttime="20221121 16:53:46.710" endtime="20221121 16:53:46.804"/>
</kw>
<kw name="Input Text" library="SeleniumLibrary">
<arg>id:Password</arg>
<arg>1234</arg>
<doc>Types the given ``text`` into the text field identified by ``locator``.</doc>
<msg timestamp="20221121 16:53:46.804" level="INFO">Typing text '1234' into text field 'id:Password'.</msg>
<status status="PASS" starttime="20221121 16:53:46.804" endtime="20221121 16:53:46.871"/>
</kw>
<kw name="Click Element" library="SeleniumLibrary">
<arg>${signinbutton_Xpath}</arg>
<doc>Click the element identified by ``locator``.</doc>
<msg timestamp="20221121 16:53:46.871" level="INFO">Clicking element 'xpath://*[@id="layoutAuthentication_content"]/main/div/div[1]/div/div/form/div[4]/button'.</msg>
<status status="PASS" starttime="20221121 16:53:46.871" endtime="20221121 16:53:47.038"/>
</kw>
<kw name="Click Element" library="SeleniumLibrary">
<arg>${ProjectMenu_Xpath}</arg>
<doc>Click the element identified by ``locator``.</doc>
<msg timestamp="20221121 16:53:47.038" level="INFO">Clicking element 'xpath://*[@id="three"]'.</msg>
<status status="PASS" starttime="20221121 16:53:47.038" endtime="20221121 16:53:47.367"/>
</kw>
<kw name="Click Element" library="SeleniumLibrary">
<arg>${LabelTab_Xpath}</arg>
<doc>Click the element identified by ``locator``.</doc>
<msg timestamp="20221121 16:53:47.367" level="INFO">Clicking element 'xpath://*[@id="pills-label-tab"]'.</msg>
<status status="PASS" starttime="20221121 16:53:47.367" endtime="20221121 16:53:47.599"/>
</kw>
<status status="PASS" starttime="20221121 16:53:45.158" endtime="20221121 16:53:47.599"/>
</kw>
<kw name="Set Selenium Implicit Wait" library="SeleniumLibrary">
<arg>${timer}</arg>
<doc>Sets the implicit wait value used by Selenium.</doc>
<status status="PASS" starttime="20221121 16:53:47.599" endtime="20221121 16:53:47.601"/>
</kw>
<kw name="Get WebElements" library="SeleniumLibrary">
<var>${get_text}</var>
<arg>${ProjectLabelPathHeader_Xpath}</arg>
<doc>Returns a list of WebElement objects matching the ``locator``.</doc>
<msg timestamp="20221121 16:53:47.638" level="INFO">${get_text} = [&lt;selenium.webdriver.remote.webelement.WebElement (session="69d1c79ec7a73e65004fbc0c05b6b849", element="a155b905-5ded-40f6-bd64-eeed9d50313f")&gt;, &lt;selenium.webdriver.remote.webelement.WebElement (sessi...</msg>
<status status="PASS" starttime="20221121 16:53:47.601" endtime="20221121 16:53:47.638"/>
</kw>
<for flavor="IN">
<var>${item}</var>
<value>@{get_text}</value>
<iter>
<var name="${item}">&lt;selenium.webdriver.remote.webelement.WebElement (session="69d1c79ec7a73e65004fbc0c05b6b849", element="a155b905-5ded-40f6-bd64-eeed9d50313f")&gt;</var>
<kw name="Log To Console" library="BuiltIn">
<arg>${item.text}</arg>
<doc>Logs the given message to the console.</doc>
<status status="PASS" starttime="20221121 16:53:47.639" endtime="20221121 16:53:47.652"/>
</kw>
<status status="PASS" starttime="20221121 16:53:47.639" endtime="20221121 16:53:47.652"/>
</iter>
<iter>
<var name="${item}">&lt;selenium.webdriver.remote.webelement.WebElement (session="69d1c79ec7a73e65004fbc0c05b6b849", element="4f2c07d6-fd39-439a-8a7f-f9b4899b4efa")&gt;</var>
<kw name="Log To Console" library="BuiltIn">
<arg>${item.text}</arg>
<doc>Logs the given message to the console.</doc>
<status status="PASS" starttime="20221121 16:53:47.652" endtime="20221121 16:53:47.662"/>
</kw>
<status status="PASS" starttime="20221121 16:53:47.652" endtime="20221121 16:53:47.662"/>
</iter>
<iter>
<var name="${item}">&lt;selenium.webdriver.remote.webelement.WebElement (session="69d1c79ec7a73e65004fbc0c05b6b849", element="9d1647e1-c5aa-40fa-b9c1-92dad8c8c63d")&gt;</var>
<kw name="Log To Console" library="BuiltIn">
<arg>${item.text}</arg>
<doc>Logs the given message to the console.</doc>
<status status="PASS" starttime="20221121 16:53:47.662" endtime="20221121 16:53:47.671"/>
</kw>
<status status="PASS" starttime="20221121 16:53:47.662" endtime="20221121 16:53:47.671"/>
</iter>
<iter>
<var name="${item}">&lt;selenium.webdriver.remote.webelement.WebElement (session="69d1c79ec7a73e65004fbc0c05b6b849", element="24e6594a-0e51-4de0-a660-82fd86c0c806")&gt;</var>
<kw name="Log To Console" library="BuiltIn">
<arg>${item.text}</arg>
<doc>Logs the given message to the console.</doc>
<status status="PASS" starttime="20221121 16:53:47.671" endtime="20221121 16:53:47.698"/>
</kw>
<status status="PASS" starttime="20221121 16:53:47.671" endtime="20221121 16:53:47.698"/>
</iter>
<iter>
<var name="${item}">&lt;selenium.webdriver.remote.webelement.WebElement (session="69d1c79ec7a73e65004fbc0c05b6b849", element="5b4caa83-a436-4c36-9b1d-8c607c10ac00")&gt;</var>
<kw name="Log To Console" library="BuiltIn">
<arg>${item.text}</arg>
<doc>Logs the given message to the console.</doc>
<status status="PASS" starttime="20221121 16:53:47.698" endtime="20221121 16:53:47.709"/>
</kw>
<status status="PASS" starttime="20221121 16:53:47.698" endtime="20221121 16:53:47.709"/>
</iter>
<iter>
<var name="${item}">&lt;selenium.webdriver.remote.webelement.WebElement (session="69d1c79ec7a73e65004fbc0c05b6b849", element="90d0b1a5-1c63-4837-b38b-61ba4a96f430")&gt;</var>
<kw name="Log To Console" library="BuiltIn">
<arg>${item.text}</arg>
<doc>Logs the given message to the console.</doc>
<status status="PASS" starttime="20221121 16:53:47.709" endtime="20221121 16:53:47.720"/>
</kw>
<status status="PASS" starttime="20221121 16:53:47.709" endtime="20221121 16:53:47.720"/>
</iter>
<iter>
<var name="${item}">&lt;selenium.webdriver.remote.webelement.WebElement (session="69d1c79ec7a73e65004fbc0c05b6b849", element="5f8c192c-1de3-4bc1-8bc4-049b902d10d7")&gt;</var>
<kw name="Log To Console" library="BuiltIn">
<arg>${item.text}</arg>
<doc>Logs the given message to the console.</doc>
<status status="PASS" starttime="20221121 16:53:47.720" endtime="20221121 16:53:47.730"/>
</kw>
<status status="PASS" starttime="20221121 16:53:47.720" endtime="20221121 16:53:47.730"/>
</iter>
<iter>
<var name="${item}">&lt;selenium.webdriver.remote.webelement.WebElement (session="69d1c79ec7a73e65004fbc0c05b6b849", element="852f15c5-6fba-4657-89a9-7116b7fb9650")&gt;</var>
<kw name="Log To Console" library="BuiltIn">
<arg>${item.text}</arg>
<doc>Logs the given message to the console.</doc>
<status status="PASS" starttime="20221121 16:53:47.730" endtime="20221121 16:53:47.742"/>
</kw>
<status status="PASS" starttime="20221121 16:53:47.730" endtime="20221121 16:53:47.742"/>
</iter>
<iter>
<var name="${item}">&lt;selenium.webdriver.remote.webelement.WebElement (session="69d1c79ec7a73e65004fbc0c05b6b849", element="cd0a8c43-c05c-46a8-b53f-dab020d1c35b")&gt;</var>
<kw name="Log To Console" library="BuiltIn">
<arg>${item.text}</arg>
<doc>Logs the given message to the console.</doc>
<status status="PASS" starttime="20221121 16:53:47.742" endtime="20221121 16:53:47.755"/>
</kw>
<status status="PASS" starttime="20221121 16:53:47.742" endtime="20221121 16:53:47.755"/>
</iter>
<iter>
<var name="${item}">&lt;selenium.webdriver.remote.webelement.WebElement (session="69d1c79ec7a73e65004fbc0c05b6b849", element="bd1f556d-c998-4a0b-94fd-947df67adcd6")&gt;</var>
<kw name="Log To Console" library="BuiltIn">
<arg>${item.text}</arg>
<doc>Logs the given message to the console.</doc>
<status status="PASS" starttime="20221121 16:53:47.755" endtime="20221121 16:53:47.767"/>
</kw>
<status status="PASS" starttime="20221121 16:53:47.755" endtime="20221121 16:53:47.767"/>
</iter>
<iter>
<var name="${item}">&lt;selenium.webdriver.remote.webelement.WebElement (session="69d1c79ec7a73e65004fbc0c05b6b849", element="a37bd765-b1c0-4178-90a3-fcdf961c2a3c")&gt;</var>
<kw name="Log To Console" library="BuiltIn">
<arg>${item.text}</arg>
<doc>Logs the given message to the console.</doc>
<status status="PASS" starttime="20221121 16:53:47.767" endtime="20221121 16:53:47.778"/>
</kw>
<status status="PASS" starttime="20221121 16:53:47.767" endtime="20221121 16:53:47.778"/>
</iter>
<iter>
<var name="${item}">&lt;selenium.webdriver.remote.webelement.WebElement (session="69d1c79ec7a73e65004fbc0c05b6b849", element="8e9ab618-6027-4d4a-8db1-e793af608358")&gt;</var>
<kw name="Log To Console" library="BuiltIn">
<arg>${item.text}</arg>
<doc>Logs the given message to the console.</doc>
<status status="PASS" starttime="20221121 16:53:47.778" endtime="20221121 16:53:47.786"/>
</kw>
<status status="PASS" starttime="20221121 16:53:47.778" endtime="20221121 16:53:47.786"/>
</iter>
<status status="PASS" starttime="20221121 16:53:47.639" endtime="20221121 16:53:47.786"/>
</for>
<kw name="Close Browser" library="SeleniumLibrary">
<doc>Closes the current browser.</doc>
<status status="PASS" starttime="20221121 16:53:47.786" endtime="20221121 16:53:49.944"/>
</kw>
<status status="PASS" starttime="20221121 16:53:45.157" endtime="20221121 16:53:49.945"/>
</test>
<test id="s1-t2" name="CreateNewLabel" line="58">
<kw name="LabelPage">
<kw name="Open Browser" library="SeleniumLibrary">
<arg>${url}</arg>
<arg>${browser}</arg>
<doc>Opens a new browser instance to the optional ``url``.</doc>
<msg timestamp="20221121 16:53:49.950" level="INFO">Opening browser 'chrome' to base url 'http://localhost:5003/'.</msg>
<status status="PASS" starttime="20221121 16:53:49.949" endtime="20221121 16:53:51.154"/>
</kw>
<kw name="Maximize Browser Window" library="SeleniumLibrary">
<doc>Maximizes current browser window.</doc>
<status status="PASS" starttime="20221121 16:53:51.154" endtime="20221121 16:53:51.275"/>
</kw>
<kw name="Set Selenium Implicit Wait" library="SeleniumLibrary">
<arg>${timer}</arg>
<doc>Sets the implicit wait value used by Selenium.</doc>
<status status="PASS" starttime="20221121 16:53:51.275" endtime="20221121 16:53:51.276"/>
</kw>
<kw name="Input Text" library="SeleniumLibrary">
<arg>id:UserName</arg>
<arg>OCUA4</arg>
<doc>Types the given ``text`` into the text field identified by ``locator``.</doc>
<msg timestamp="20221121 16:53:51.277" level="INFO">Typing text 'OCUA4' into text field 'id:UserName'.</msg>
<status status="PASS" starttime="20221121 16:53:51.277" endtime="20221121 16:53:51.367"/>
</kw>
<kw name="Input Text" library="SeleniumLibrary">
<arg>id:Password</arg>
<arg>1234</arg>
<doc>Types the given ``text`` into the text field identified by ``locator``.</doc>
<msg timestamp="20221121 16:53:51.367" level="INFO">Typing text '1234' into text field 'id:Password'.</msg>
<status status="PASS" starttime="20221121 16:53:51.367" endtime="20221121 16:53:51.424"/>
</kw>
<kw name="Click Element" library="SeleniumLibrary">
<arg>${signinbutton_Xpath}</arg>
<doc>Click the element identified by ``locator``.</doc>
<msg timestamp="20221121 16:53:51.424" level="INFO">Clicking element 'xpath://*[@id="layoutAuthentication_content"]/main/div/div[1]/div/div/form/div[4]/button'.</msg>
<status status="PASS" starttime="20221121 16:53:51.424" endtime="20221121 16:53:51.588"/>
</kw>
<kw name="Click Element" library="SeleniumLibrary">
<arg>${ProjectMenu_Xpath}</arg>
<doc>Click the element identified by ``locator``.</doc>
<msg timestamp="20221121 16:53:51.588" level="INFO">Clicking element 'xpath://*[@id="three"]'.</msg>
<status status="PASS" starttime="20221121 16:53:51.588" endtime="20221121 16:53:51.909"/>
</kw>
<kw name="Click Element" library="SeleniumLibrary">
<arg>${LabelTab_Xpath}</arg>
<doc>Click the element identified by ``locator``.</doc>
<msg timestamp="20221121 16:53:51.910" level="INFO">Clicking element 'xpath://*[@id="pills-label-tab"]'.</msg>
<status status="PASS" starttime="20221121 16:53:51.910" endtime="20221121 16:53:52.120"/>
</kw>
<status status="PASS" starttime="20221121 16:53:49.949" endtime="20221121 16:53:52.120"/>
</kw>
<kw name="Set Selenium Implicit Wait" library="SeleniumLibrary">
<arg>${timer}</arg>
<doc>Sets the implicit wait value used by Selenium.</doc>
<status status="PASS" starttime="20221121 16:53:52.120" endtime="20221121 16:53:52.121"/>
</kw>
<kw name="Click Element" library="SeleniumLibrary">
<arg>${NewLabel_Btn_Xpath}</arg>
<doc>Click the element identified by ``locator``.</doc>
<msg timestamp="20221121 16:53:52.121" level="INFO">Clicking element 'xpath://*[@id="bntGoToCreateLabel"]'.</msg>
<status status="PASS" starttime="20221121 16:53:52.121" endtime="20221121 16:53:52.331"/>
</kw>
<kw name="Input Text" library="SeleniumLibrary">
<arg>id:labelName</arg>
<arg>TestLabel1</arg>
<doc>Types the given ``text`` into the text field identified by ``locator``.</doc>
<msg timestamp="20221121 16:53:52.332" level="INFO">Typing text 'TestLabel1' into text field 'id:labelName'.</msg>
<status status="PASS" starttime="20221121 16:53:52.331" endtime="20221121 16:53:52.427"/>
</kw>
<kw name="Input Text" library="SeleniumLibrary">
<arg>id:reportDescription</arg>
<arg>This is a label under test</arg>
<doc>Types the given ``text`` into the text field identified by ``locator``.</doc>
<msg timestamp="20221121 16:53:52.427" level="INFO">Typing text 'This is a label under test' into text field 'id:reportDescription'.</msg>
<status status="PASS" starttime="20221121 16:53:52.427" endtime="20221121 16:53:52.498"/>
</kw>
<kw name="Click Element" library="SeleniumLibrary">
<arg>${NewLabelSaveBtn_Xpath}</arg>
<doc>Click the element identified by ``locator``.</doc>
<msg timestamp="20221121 16:53:52.499" level="INFO">Clicking element 'xpath://*[@id="btn-labelSave"]'.</msg>
<status status="PASS" starttime="20221121 16:53:52.499" endtime="20221121 16:53:52.534"/>
</kw>
<kw name="Wait Until Page Contains" library="SeleniumLibrary">
<arg>Updated Successfully.</arg>
<doc>Waits until ``text`` appears on the current page.</doc>
<status status="PASS" starttime="20221121 16:53:52.535" endtime="20221121 16:53:52.627"/>
</kw>
<kw name="Close Browser" library="SeleniumLibrary">
<doc>Closes the current browser.</doc>
<status status="PASS" starttime="20221121 16:53:52.627" endtime="20221121 16:53:54.751"/>
</kw>
<status status="PASS" starttime="20221121 16:53:49.948" endtime="20221121 16:53:54.752"/>
</test>
<test id="s1-t3" name="EditLabel" line="75">
<kw name="LabelPage">
<kw name="Open Browser" library="SeleniumLibrary">
<arg>${url}</arg>
<arg>${browser}</arg>
<doc>Opens a new browser instance to the optional ``url``.</doc>
<msg timestamp="20221121 16:53:54.757" level="INFO">Opening browser 'chrome' to base url 'http://localhost:5003/'.</msg>
<status status="PASS" starttime="20221121 16:53:54.757" endtime="20221121 16:53:55.990"/>
</kw>
<kw name="Maximize Browser Window" library="SeleniumLibrary">
<doc>Maximizes current browser window.</doc>
<status status="PASS" starttime="20221121 16:53:55.990" endtime="20221121 16:53:56.110"/>
</kw>
<kw name="Set Selenium Implicit Wait" library="SeleniumLibrary">
<arg>${timer}</arg>
<doc>Sets the implicit wait value used by Selenium.</doc>
<status status="PASS" starttime="20221121 16:53:56.110" endtime="20221121 16:53:56.112"/>
</kw>
<kw name="Input Text" library="SeleniumLibrary">
<arg>id:UserName</arg>
<arg>OCUA4</arg>
<doc>Types the given ``text`` into the text field identified by ``locator``.</doc>
<msg timestamp="20221121 16:53:56.113" level="INFO">Typing text 'OCUA4' into text field 'id:UserName'.</msg>
<status status="PASS" starttime="20221121 16:53:56.113" endtime="20221121 16:53:56.189"/>
</kw>
<kw name="Input Text" library="SeleniumLibrary">
<arg>id:Password</arg>
<arg>1234</arg>
<doc>Types the given ``text`` into the text field identified by ``locator``.</doc>
<msg timestamp="20221121 16:53:56.189" level="INFO">Typing text '1234' into text field 'id:Password'.</msg>
<status status="PASS" starttime="20221121 16:53:56.189" endtime="20221121 16:53:56.248"/>
</kw>
<kw name="Click Element" library="SeleniumLibrary">
<arg>${signinbutton_Xpath}</arg>
<doc>Click the element identified by ``locator``.</doc>
<msg timestamp="20221121 16:53:56.249" level="INFO">Clicking element 'xpath://*[@id="layoutAuthentication_content"]/main/div/div[1]/div/div/form/div[4]/button'.</msg>
<status status="PASS" starttime="20221121 16:53:56.249" endtime="20221121 16:53:56.408"/>
</kw>
<kw name="Click Element" library="SeleniumLibrary">
<arg>${ProjectMenu_Xpath}</arg>
<doc>Click the element identified by ``locator``.</doc>
<msg timestamp="20221121 16:53:56.409" level="INFO">Clicking element 'xpath://*[@id="three"]'.</msg>
<status status="PASS" starttime="20221121 16:53:56.409" endtime="20221121 16:53:56.722"/>
</kw>
<kw name="Click Element" library="SeleniumLibrary">
<arg>${LabelTab_Xpath}</arg>
<doc>Click the element identified by ``locator``.</doc>
<msg timestamp="20221121 16:53:56.722" level="INFO">Clicking element 'xpath://*[@id="pills-label-tab"]'.</msg>
<status status="PASS" starttime="20221121 16:53:56.722" endtime="20221121 16:53:56.932"/>
</kw>
<status status="PASS" starttime="20221121 16:53:54.756" endtime="20221121 16:53:56.932"/>
</kw>
<kw name="Set Selenium Implicit Wait" library="SeleniumLibrary">
<arg>${timer}</arg>
<doc>Sets the implicit wait value used by Selenium.</doc>
<status status="PASS" starttime="20221121 16:53:56.932" endtime="20221121 16:53:56.934"/>
</kw>
<kw name="Click Element" library="SeleniumLibrary">
<arg>${SelectLabelcheckbox_Xpath}</arg>
<doc>Click the element identified by ``locator``.</doc>
<msg timestamp="20221121 16:53:56.934" level="INFO">Clicking element 'xpath://*[@id="tblLabel"]/tbody/tr/td[1]/label/span'.</msg>
<status status="PASS" starttime="20221121 16:53:56.934" endtime="20221121 16:53:57.135"/>
</kw>
<kw name="Click Element" library="SeleniumLibrary">
<arg>${LabelEdit_Btn_Xpath}</arg>
<doc>Click the element identified by ``locator``.</doc>
<msg timestamp="20221121 16:53:57.136" level="INFO">Clicking element 'xpath://*[@id="btn-LabelEdit"]'.</msg>
<status status="PASS" starttime="20221121 16:53:57.136" endtime="20221121 16:53:57.176"/>
</kw>
<kw name="Input Text" library="SeleniumLibrary">
<arg>id:labelName</arg>
<arg>Label1</arg>
<doc>Types the given ``text`` into the text field identified by ``locator``.</doc>
<msg timestamp="20221121 16:53:57.177" level="INFO">Typing text 'Label1' into text field 'id:labelName'.</msg>
<status status="PASS" starttime="20221121 16:53:57.177" endtime="20221121 16:53:57.263"/>
</kw>
<kw name="Input Text" library="SeleniumLibrary">
<arg>id:reportDescription</arg>
<arg>This is edited label under test</arg>
<doc>Types the given ``text`` into the text field identified by ``locator``.</doc>
<msg timestamp="20221121 16:53:57.264" level="INFO">Typing text 'This is edited label under test' into text field 'id:reportDescription'.</msg>
<status status="PASS" starttime="20221121 16:53:57.264" endtime="20221121 16:53:57.336"/>
</kw>
<kw name="Click Element" library="SeleniumLibrary">
<arg>${LabelEdit_SaveBtn_Xpath}</arg>
<doc>Click the element identified by ``locator``.</doc>
<msg timestamp="20221121 16:53:57.337" level="INFO">Clicking element 'xpath://*[@id="btn-labelSave"]'.</msg>
<status status="PASS" starttime="20221121 16:53:57.337" endtime="20221121 16:53:57.372"/>
</kw>
<kw name="Wait Until Page Contains" library="SeleniumLibrary">
<arg>Updated Successfully.</arg>
<doc>Waits until ``text`` appears on the current page.</doc>
<status status="PASS" starttime="20221121 16:53:57.372" endtime="20221121 16:53:57.444"/>
</kw>
<kw name="Close Browser" library="SeleniumLibrary">
<doc>Closes the current browser.</doc>
<status status="PASS" starttime="20221121 16:53:57.445" endtime="20221121 16:53:59.579"/>
</kw>
<status status="PASS" starttime="20221121 16:53:54.754" endtime="20221121 16:53:59.581"/>
</test>
<test id="s1-t4" name="CopyLabel" line="94">
<kw name="LabelPage">
<kw name="Open Browser" library="SeleniumLibrary">
<arg>${url}</arg>
<arg>${browser}</arg>
<doc>Opens a new browser instance to the optional ``url``.</doc>
<msg timestamp="20221121 16:53:59.586" level="INFO">Opening browser 'chrome' to base url 'http://localhost:5003/'.</msg>
<status status="PASS" starttime="20221121 16:53:59.586" endtime="20221121 16:54:00.786"/>
</kw>
<kw name="Maximize Browser Window" library="SeleniumLibrary">
<doc>Maximizes current browser window.</doc>
<status status="PASS" starttime="20221121 16:54:00.786" endtime="20221121 16:54:00.908"/>
</kw>
<kw name="Set Selenium Implicit Wait" library="SeleniumLibrary">
<arg>${timer}</arg>
<doc>Sets the implicit wait value used by Selenium.</doc>
<status status="PASS" starttime="20221121 16:54:00.908" endtime="20221121 16:54:00.910"/>
</kw>
<kw name="Input Text" library="SeleniumLibrary">
<arg>id:UserName</arg>
<arg>OCUA4</arg>
<doc>Types the given ``text`` into the text field identified by ``locator``.</doc>
<msg timestamp="20221121 16:54:00.910" level="INFO">Typing text 'OCUA4' into text field 'id:UserName'.</msg>
<status status="PASS" starttime="20221121 16:54:00.910" endtime="20221121 16:54:00.974"/>
</kw>
<kw name="Input Text" library="SeleniumLibrary">
<arg>id:Password</arg>
<arg>1234</arg>
<doc>Types the given ``text`` into the text field identified by ``locator``.</doc>
<msg timestamp="20221121 16:54:00.975" level="INFO">Typing text '1234' into text field 'id:Password'.</msg>
<status status="PASS" starttime="20221121 16:54:00.975" endtime="20221121 16:54:01.035"/>
</kw>
<kw name="Click Element" library="SeleniumLibrary">
<arg>${signinbutton_Xpath}</arg>
<doc>Click the element identified by ``locator``.</doc>
<msg timestamp="20221121 16:54:01.035" level="INFO">Clicking element 'xpath://*[@id="layoutAuthentication_content"]/main/div/div[1]/div/div/form/div[4]/button'.</msg>
<status status="PASS" starttime="20221121 16:54:01.035" endtime="20221121 16:54:01.196"/>
</kw>
<kw name="Click Element" library="SeleniumLibrary">
<arg>${ProjectMenu_Xpath}</arg>
<doc>Click the element identified by ``locator``.</doc>
<msg timestamp="20221121 16:54:01.197" level="INFO">Clicking element 'xpath://*[@id="three"]'.</msg>
<status status="PASS" starttime="20221121 16:54:01.196" endtime="20221121 16:54:01.500"/>
</kw>
<kw name="Click Element" library="SeleniumLibrary">
<arg>${LabelTab_Xpath}</arg>
<doc>Click the element identified by ``locator``.</doc>
<msg timestamp="20221121 16:54:01.501" level="INFO">Clicking element 'xpath://*[@id="pills-label-tab"]'.</msg>
<status status="PASS" starttime="20221121 16:54:01.501" endtime="20221121 16:54:01.714"/>
</kw>
<status status="PASS" starttime="20221121 16:53:59.585" endtime="20221121 16:54:01.714"/>
</kw>
<kw name="Set Selenium Implicit Wait" library="SeleniumLibrary">
<arg>${timer}</arg>
<doc>Sets the implicit wait value used by Selenium.</doc>
<status status="PASS" starttime="20221121 16:54:01.714" endtime="20221121 16:54:01.716"/>
</kw>
<kw name="Click Element" library="SeleniumLibrary">
<arg>${SelectLabelcheckbox_Xpath}</arg>
<doc>Click the element identified by ``locator``.</doc>
<msg timestamp="20221121 16:54:01.716" level="INFO">Clicking element 'xpath://*[@id="tblLabel"]/tbody/tr/td[1]/label/span'.</msg>
<status status="PASS" starttime="20221121 16:54:01.716" endtime="20221121 16:54:01.862"/>
</kw>
<kw name="Click Element" library="SeleniumLibrary">
<arg>${LabelCopy_Btn_Xpath}</arg>
<doc>Click the element identified by ``locator``.</doc>
<msg timestamp="20221121 16:54:01.862" level="INFO">Clicking element 'xpath://*[@id="btn-LabelSaveAs"]'.</msg>
<status status="PASS" starttime="20221121 16:54:01.862" endtime="20221121 16:54:01.911"/>
</kw>
<kw name="Input Text" library="SeleniumLibrary">
<arg>id:txtNewLabelName</arg>
<arg>Label2</arg>
<doc>Types the given ``text`` into the text field identified by ``locator``.</doc>
<msg timestamp="20221121 16:54:01.912" level="INFO">Typing text 'Label2' into text field 'id:txtNewLabelName'.</msg>
<status status="PASS" starttime="20221121 16:54:01.912" endtime="20221121 16:54:02.209"/>
</kw>
<kw name="Click Element" library="SeleniumLibrary">
<arg>${LabelCopy_SaveBtn_Xpath}</arg>
<doc>Click the element identified by ``locator``.</doc>
<msg timestamp="20221121 16:54:02.210" level="INFO">Clicking element 'xpath://*[@id="btn-saveas-label"]'.</msg>
<status status="PASS" starttime="20221121 16:54:02.210" endtime="20221121 16:54:02.245"/>
</kw>
<kw name="Wait Until Page Contains" library="SeleniumLibrary">
<arg>Data Added Successfully.</arg>
<doc>Waits until ``text`` appears on the current page.</doc>
<status status="PASS" starttime="20221121 16:54:02.246" endtime="20221121 16:54:02.317"/>
</kw>
<kw name="Close Browser" library="SeleniumLibrary">
<doc>Closes the current browser.</doc>
<status status="PASS" starttime="20221121 16:54:02.317" endtime="20221121 16:54:04.450"/>
</kw>
<status status="PASS" starttime="20221121 16:53:59.584" endtime="20221121 16:54:04.451"/>
</test>
<test id="s1-t5" name="DeleteLabel" line="112">
<kw name="LabelPage">
<kw name="Open Browser" library="SeleniumLibrary">
<arg>${url}</arg>
<arg>${browser}</arg>
<doc>Opens a new browser instance to the optional ``url``.</doc>
<msg timestamp="20221121 16:54:04.457" level="INFO">Opening browser 'chrome' to base url 'http://localhost:5003/'.</msg>
<status status="PASS" starttime="20221121 16:54:04.457" endtime="20221121 16:54:05.594"/>
</kw>
<kw name="Maximize Browser Window" library="SeleniumLibrary">
<doc>Maximizes current browser window.</doc>
<status status="PASS" starttime="20221121 16:54:05.595" endtime="20221121 16:54:05.709"/>
</kw>
<kw name="Set Selenium Implicit Wait" library="SeleniumLibrary">
<arg>${timer}</arg>
<doc>Sets the implicit wait value used by Selenium.</doc>
<status status="PASS" starttime="20221121 16:54:05.709" endtime="20221121 16:54:05.711"/>
</kw>
<kw name="Input Text" library="SeleniumLibrary">
<arg>id:UserName</arg>
<arg>OCUA4</arg>
<doc>Types the given ``text`` into the text field identified by ``locator``.</doc>
<msg timestamp="20221121 16:54:05.711" level="INFO">Typing text 'OCUA4' into text field 'id:UserName'.</msg>
<status status="PASS" starttime="20221121 16:54:05.711" endtime="20221121 16:54:05.777"/>
</kw>
<kw name="Input Text" library="SeleniumLibrary">
<arg>id:Password</arg>
<arg>1234</arg>
<doc>Types the given ``text`` into the text field identified by ``locator``.</doc>
<msg timestamp="20221121 16:54:05.777" level="INFO">Typing text '1234' into text field 'id:Password'.</msg>
<status status="PASS" starttime="20221121 16:54:05.777" endtime="20221121 16:54:05.836"/>
</kw>
<kw name="Click Element" library="SeleniumLibrary">
<arg>${signinbutton_Xpath}</arg>
<doc>Click the element identified by ``locator``.</doc>
<msg timestamp="20221121 16:54:05.837" level="INFO">Clicking element 'xpath://*[@id="layoutAuthentication_content"]/main/div/div[1]/div/div/form/div[4]/button'.</msg>
<status status="PASS" starttime="20221121 16:54:05.837" endtime="20221121 16:54:06.002"/>
</kw>
<kw name="Click Element" library="SeleniumLibrary">
<arg>${ProjectMenu_Xpath}</arg>
<doc>Click the element identified by ``locator``.</doc>
<msg timestamp="20221121 16:54:06.003" level="INFO">Clicking element 'xpath://*[@id="three"]'.</msg>
<status status="PASS" starttime="20221121 16:54:06.002" endtime="20221121 16:54:06.331"/>
</kw>
<kw name="Click Element" library="SeleniumLibrary">
<arg>${LabelTab_Xpath}</arg>
<doc>Click the element identified by ``locator``.</doc>
<msg timestamp="20221121 16:54:06.331" level="INFO">Clicking element 'xpath://*[@id="pills-label-tab"]'.</msg>
<status status="PASS" starttime="20221121 16:54:06.331" endtime="20221121 16:54:06.551"/>
</kw>
<status status="PASS" starttime="20221121 16:54:04.456" endtime="20221121 16:54:06.551"/>
</kw>
<kw name="Set Selenium Implicit Wait" library="SeleniumLibrary">
<arg>${timer}</arg>
<doc>Sets the implicit wait value used by Selenium.</doc>
<status status="PASS" starttime="20221121 16:54:06.552" endtime="20221121 16:54:06.553"/>
</kw>
<kw name="Sleep" library="BuiltIn">
<arg>1</arg>
<doc>Pauses the test executed for the given time.</doc>
<msg timestamp="20221121 16:54:07.559" level="INFO">Slept 1 second</msg>
<status status="PASS" starttime="20221121 16:54:06.553" endtime="20221121 16:54:07.559"/>
</kw>
<kw name="Click Element" library="SeleniumLibrary">
<arg>${SelectLabelcheckbox_Xpath}</arg>
<doc>Click the element identified by ``locator``.</doc>
<msg timestamp="20221121 16:54:07.561" level="INFO">Clicking element 'xpath://*[@id="tblLabel"]/tbody/tr/td[1]/label/span'.</msg>
<status status="PASS" starttime="20221121 16:54:07.560" endtime="20221121 16:54:07.649"/>
</kw>
<kw name="Click Element" library="SeleniumLibrary">
<arg>${LabelDelete_Btn_Xpath}</arg>
<doc>Click the element identified by ``locator``.</doc>
<msg timestamp="20221121 16:54:07.650" level="INFO">Clicking element 'xpath://*[@id="btn-labeldelete"]'.</msg>
<status status="PASS" starttime="20221121 16:54:07.649" endtime="20221121 16:54:07.697"/>
</kw>
<kw name="Click Element" library="SeleniumLibrary">
<arg>${LabelConfirmDelete_Btn_Xpath}</arg>
<doc>Click the element identified by ``locator``.</doc>
<msg timestamp="20221121 16:54:07.698" level="INFO">Clicking element 'xpath://*[@id="btn-delete-label"]'.</msg>
<status status="PASS" starttime="20221121 16:54:07.697" endtime="20221121 16:54:07.934"/>
</kw>
<kw name="Wait Until Page Contains" library="SeleniumLibrary">
<arg>Deleted Successfully.</arg>
<doc>Waits until ``text`` appears on the current page.</doc>
<status status="PASS" starttime="20221121 16:54:07.935" endtime="20221121 16:54:08.017"/>
</kw>
<kw name="Close Browser" library="SeleniumLibrary">
<doc>Closes the current browser.</doc>
<status status="PASS" starttime="20221121 16:54:08.017" endtime="20221121 16:54:10.144"/>
</kw>
<status status="PASS" starttime="20221121 16:54:04.454" endtime="20221121 16:54:10.146"/>
</test>
<status status="PASS" starttime="20221121 16:53:45.004" endtime="20221121 16:54:10.149"/>
</suite>
<statistics>
<total>
<stat pass="5" fail="0" skip="0">All Tests</stat>
</total>
<tag>
</tag>
<suite>
<stat pass="5" fail="0" skip="0" id="s1" name="test18 LabelPage">test18 LabelPage</stat>
</suite>
</statistics>
<errors>
</errors>
</robot>
