<?xml version="1.0" encoding="UTF-8"?>
<robot generator="Robot 6.0.1 (Python 3.11.0 on win32)" generated="20221125 16:32:13.425" rpa="false" schemaversion="3">
<suite id="s1" name="test15 ConnectionListPage" source="C:\Users\KnoDTec\PycharmProjects\PPT_Robot_Framework\PPT_Testcases\test15_ConnectionListPage.robot">
<test id="s1-t1" name="ConnectionListPageHeader" line="22">
<kw name="Open Browser And Maximize" library="Resource_setupnteardown" type="SETUP">
<kw name="Open Browser" library="SeleniumLibrary">
<arg>${URL}</arg>
<arg>${Browser}</arg>
<doc>Opens a new browser instance to the optional ``url``.</doc>
<msg timestamp="20221125 16:32:13.644" level="INFO">Opening browser 'chrome' to base url 'http://localhost:5003/'.</msg>
<status status="PASS" starttime="20221125 16:32:13.644" endtime="20221125 16:32:15.278"/>
</kw>
<kw name="Maximize Browser Window" library="SeleniumLibrary">
<doc>Maximizes current browser window.</doc>
<status status="PASS" starttime="20221125 16:32:15.278" endtime="20221125 16:32:15.397"/>
</kw>
<kw name="Input Text" library="SeleniumLibrary">
<arg>id:UserName</arg>
<arg>OCUA4</arg>
<doc>Types the given ``text`` into the text field identified by ``locator``.</doc>
<msg timestamp="20221125 16:32:15.397" level="INFO">Typing text 'OCUA4' into text field 'id:UserName'.</msg>
<status status="PASS" starttime="20221125 16:32:15.397" endtime="20221125 16:32:15.598"/>
</kw>
<kw name="Input Text" library="SeleniumLibrary">
<arg>id:Password</arg>
<arg>1234</arg>
<doc>Types the given ``text`` into the text field identified by ``locator``.</doc>
<msg timestamp="20221125 16:32:15.599" level="INFO">Typing text '1234' into text field 'id:Password'.</msg>
<status status="PASS" starttime="20221125 16:32:15.599" endtime="20221125 16:32:15.698"/>
</kw>
<kw name="Click Element" library="SeleniumLibrary">
<arg>${signinbutton_Xpath}</arg>
<doc>Click the element identified by ``locator``.</doc>
<msg timestamp="20221125 16:32:15.698" level="INFO">Clicking element 'xpath://*[@id="layoutAuthentication_content"]/main/div/div[1]/div/div/form/div[4]/button'.</msg>
<status status="PASS" starttime="20221125 16:32:15.698" endtime="20221125 16:32:16.292"/>
</kw>
<kw name="Sleep" library="BuiltIn">
<arg>2s</arg>
<doc>Pauses the test executed for the given time.</doc>
<msg timestamp="20221125 16:32:18.293" level="INFO">Slept 2 seconds</msg>
<status status="PASS" starttime="20221125 16:32:16.292" endtime="20221125 16:32:18.293"/>
</kw>
<status status="PASS" starttime="20221125 16:32:13.644" endtime="20221125 16:32:18.293"/>
</kw>
<kw name="ConnectionListPage">
<kw name="Click Element" library="SeleniumLibrary">
<arg>${ProjectMenu_Xpath}</arg>
<doc>Click the element identified by ``locator``.</doc>
<msg timestamp="20221125 16:32:18.293" level="INFO">Clicking element 'xpath://*[@id="three"]'.</msg>
<status status="PASS" starttime="20221125 16:32:18.293" endtime="20221125 16:32:19.270"/>
</kw>
<kw name="Click Element" library="SeleniumLibrary">
<arg>${VariantExplorerTab_Xpath}</arg>
<doc>Click the element identified by ``locator``.</doc>
<msg timestamp="20221125 16:32:19.271" level="INFO">Clicking element 'xpath:/html/body/div[1]/div[2]/main/div[2]/div/ul/li[5]/a'.</msg>
<status status="PASS" starttime="20221125 16:32:19.270" endtime="20221125 16:32:19.375"/>
</kw>
<kw name="Click Element" library="SeleniumLibrary">
<arg>${ConnectionListTab_Xpath}</arg>
<doc>Click the element identified by ``locator``.</doc>
<msg timestamp="20221125 16:32:19.375" level="INFO">Clicking element 'xpath://*[@id="pills-connectionlist-tab"]'.</msg>
<status status="PASS" starttime="20221125 16:32:19.375" endtime="20221125 16:32:19.707"/>
</kw>
<status status="PASS" starttime="20221125 16:32:18.293" endtime="20221125 16:32:19.708"/>
</kw>
<kw name="Set Selenium Implicit Wait" library="SeleniumLibrary">
<arg>${timer}</arg>
<doc>Sets the implicit wait value used by Selenium.</doc>
<status status="PASS" starttime="20221125 16:32:19.709" endtime="20221125 16:32:19.711"/>
</kw>
<kw name="Get WebElements" library="SeleniumLibrary">
<var>${get_text}</var>
<arg>${ConnectionListHeader_Xpath}</arg>
<doc>Returns a list of WebElement objects matching the ``locator``.</doc>
<msg timestamp="20221125 16:32:19.748" level="INFO">${get_text} = [&lt;selenium.webdriver.remote.webelement.WebElement (session="53a95f9ed00b37f8f4c74404643aa11c", element="646f281e-e622-4036-9cb5-8683454d139c")&gt;]</msg>
<status status="PASS" starttime="20221125 16:32:19.711" endtime="20221125 16:32:19.748"/>
</kw>
<for flavor="IN">
<var>${item}</var>
<value>@{get_text}</value>
<iter>
<var name="${item}">&lt;selenium.webdriver.remote.webelement.WebElement (session="53a95f9ed00b37f8f4c74404643aa11c", element="646f281e-e622-4036-9cb5-8683454d139c")&gt;</var>
<kw name="Log To Console" library="BuiltIn">
<arg>${item.text}</arg>
<doc>Logs the given message to the console.</doc>
<status status="PASS" starttime="20221125 16:32:19.748" endtime="20221125 16:32:19.771"/>
</kw>
<status status="PASS" starttime="20221125 16:32:19.748" endtime="20221125 16:32:19.771"/>
</iter>
<status status="PASS" starttime="20221125 16:32:19.748" endtime="20221125 16:32:19.771"/>
</for>
<kw name="Close Browser" library="SeleniumLibrary">
<doc>Closes the current browser.</doc>
<status status="PASS" starttime="20221125 16:32:19.772" endtime="20221125 16:32:21.963"/>
</kw>
<kw name="Close Browser Window" library="Resource_setupnteardown" type="TEARDOWN">
<kw name="Close Browser" library="SeleniumLibrary">
<doc>Closes the current browser.</doc>
<status status="PASS" starttime="20221125 16:32:21.964" endtime="20221125 16:32:21.964"/>
</kw>
<kw name="Log To Console" library="BuiltIn">
<arg>Test Completed</arg>
<doc>Logs the given message to the console.</doc>
<status status="PASS" starttime="20221125 16:32:21.964" endtime="20221125 16:32:21.964"/>
</kw>
<status status="PASS" starttime="20221125 16:32:21.964" endtime="20221125 16:32:21.964"/>
</kw>
<status status="PASS" starttime="20221125 16:32:13.644" endtime="20221125 16:32:21.964"/>
</test>
<test id="s1-t2" name="CreateNewConnectionList" line="35">
<kw name="Open Browser And Maximize" library="Resource_setupnteardown" type="SETUP">
<kw name="Open Browser" library="SeleniumLibrary">
<arg>${URL}</arg>
<arg>${Browser}</arg>
<doc>Opens a new browser instance to the optional ``url``.</doc>
<msg timestamp="20221125 16:32:21.964" level="INFO">Opening browser 'chrome' to base url 'http://localhost:5003/'.</msg>
<status status="PASS" starttime="20221125 16:32:21.964" endtime="20221125 16:32:26.158"/>
</kw>
<kw name="Maximize Browser Window" library="SeleniumLibrary">
<doc>Maximizes current browser window.</doc>
<status status="PASS" starttime="20221125 16:32:26.158" endtime="20221125 16:32:26.297"/>
</kw>
<kw name="Input Text" library="SeleniumLibrary">
<arg>id:UserName</arg>
<arg>OCUA4</arg>
<doc>Types the given ``text`` into the text field identified by ``locator``.</doc>
<msg timestamp="20221125 16:32:26.297" level="INFO">Typing text 'OCUA4' into text field 'id:UserName'.</msg>
<status status="PASS" starttime="20221125 16:32:26.297" endtime="20221125 16:32:26.443"/>
</kw>
<kw name="Input Text" library="SeleniumLibrary">
<arg>id:Password</arg>
<arg>1234</arg>
<doc>Types the given ``text`` into the text field identified by ``locator``.</doc>
<msg timestamp="20221125 16:32:26.443" level="INFO">Typing text '1234' into text field 'id:Password'.</msg>
<status status="PASS" starttime="20221125 16:32:26.443" endtime="20221125 16:32:26.569"/>
</kw>
<kw name="Click Element" library="SeleniumLibrary">
<arg>${signinbutton_Xpath}</arg>
<doc>Click the element identified by ``locator``.</doc>
<msg timestamp="20221125 16:32:26.569" level="INFO">Clicking element 'xpath://*[@id="layoutAuthentication_content"]/main/div/div[1]/div/div/form/div[4]/button'.</msg>
<status status="PASS" starttime="20221125 16:32:26.569" endtime="20221125 16:32:27.807"/>
</kw>
<kw name="Sleep" library="BuiltIn">
<arg>2s</arg>
<doc>Pauses the test executed for the given time.</doc>
<msg timestamp="20221125 16:32:29.815" level="INFO">Slept 2 seconds</msg>
<status status="PASS" starttime="20221125 16:32:27.815" endtime="20221125 16:32:29.815"/>
</kw>
<status status="PASS" starttime="20221125 16:32:21.964" endtime="20221125 16:32:29.815"/>
</kw>
<kw name="ConnectionListPage">
<kw name="Click Element" library="SeleniumLibrary">
<arg>${ProjectMenu_Xpath}</arg>
<doc>Click the element identified by ``locator``.</doc>
<msg timestamp="20221125 16:32:29.815" level="INFO">Clicking element 'xpath://*[@id="three"]'.</msg>
<status status="PASS" starttime="20221125 16:32:29.815" endtime="20221125 16:32:30.355"/>
</kw>
<kw name="Click Element" library="SeleniumLibrary">
<arg>${VariantExplorerTab_Xpath}</arg>
<doc>Click the element identified by ``locator``.</doc>
<msg timestamp="20221125 16:32:30.357" level="INFO">Clicking element 'xpath:/html/body/div[1]/div[2]/main/div[2]/div/ul/li[5]/a'.</msg>
<status status="PASS" starttime="20221125 16:32:30.356" endtime="20221125 16:32:30.809"/>
</kw>
<kw name="Click Element" library="SeleniumLibrary">
<arg>${ConnectionListTab_Xpath}</arg>
<doc>Click the element identified by ``locator``.</doc>
<msg timestamp="20221125 16:32:30.810" level="INFO">Clicking element 'xpath://*[@id="pills-connectionlist-tab"]'.</msg>
<status status="PASS" starttime="20221125 16:32:30.809" endtime="20221125 16:32:30.986"/>
</kw>
<status status="PASS" starttime="20221125 16:32:29.815" endtime="20221125 16:32:30.986"/>
</kw>
<kw name="Set Selenium Implicit Wait" library="SeleniumLibrary">
<arg>${timer}</arg>
<doc>Sets the implicit wait value used by Selenium.</doc>
<status status="PASS" starttime="20221125 16:32:30.989" endtime="20221125 16:32:30.992"/>
</kw>
<kw name="Click Element" library="SeleniumLibrary">
<arg>${NewConnectionList_Btn_Xpath}</arg>
<doc>Click the element identified by ``locator``.</doc>
<msg timestamp="20221125 16:32:30.994" level="INFO">Clicking element 'xpath://*[@id="bntCreateConnectionListDetail"]'.</msg>
<status status="PASS" starttime="20221125 16:32:30.992" endtime="20221125 16:32:31.189"/>
</kw>
<kw name="Input Text" library="SeleniumLibrary">
<arg>id:txtNewConnectionListName</arg>
<arg>TestConnectionList1</arg>
<doc>Types the given ``text`` into the text field identified by ``locator``.</doc>
<msg timestamp="20221125 16:32:31.189" level="INFO">Typing text 'TestConnectionList1' into text field 'id:txtNewConnectionListName'.</msg>
<status status="PASS" starttime="20221125 16:32:31.189" endtime="20221125 16:32:31.515"/>
</kw>
<kw name="Input Text" library="SeleniumLibrary">
<arg>id:txtNewConnectionListDescription</arg>
<arg>This is the first connection list under test</arg>
<doc>Types the given ``text`` into the text field identified by ``locator``.</doc>
<msg timestamp="20221125 16:32:31.515" level="INFO">Typing text 'This is the first connection list under test' into text field 'id:txtNewConnectionListDescription'.</msg>
<status status="PASS" starttime="20221125 16:32:31.515" endtime="20221125 16:32:31.694"/>
</kw>
<kw name="Click Element" library="SeleniumLibrary">
<arg>${NewConnectionListSaveBtn_Xpath}</arg>
<doc>Click the element identified by ``locator``.</doc>
<msg timestamp="20221125 16:32:31.698" level="INFO">Clicking element 'xpath://*[@id="btn-add-connectionDet"]'.</msg>
<status status="PASS" starttime="20221125 16:32:31.696" endtime="20221125 16:32:31.769"/>
</kw>
<kw name="Page Should Contain" library="SeleniumLibrary">
<arg>Connection List Details Added successfully.</arg>
<doc>Verifies that current page contains ``text``.</doc>
<msg timestamp="20221125 16:32:31.953" level="INFO">Current page contains text 'Connection List Details Added successfully.'.</msg>
<status status="PASS" starttime="20221125 16:32:31.769" endtime="20221125 16:32:31.953"/>
</kw>
<kw name="Close Browser" library="SeleniumLibrary">
<doc>Closes the current browser.</doc>
<status status="PASS" starttime="20221125 16:32:31.955" endtime="20221125 16:32:34.222"/>
</kw>
<kw name="Close Browser Window" library="Resource_setupnteardown" type="TEARDOWN">
<kw name="Close Browser" library="SeleniumLibrary">
<doc>Closes the current browser.</doc>
<status status="PASS" starttime="20221125 16:32:34.226" endtime="20221125 16:32:34.226"/>
</kw>
<kw name="Log To Console" library="BuiltIn">
<arg>Test Completed</arg>
<doc>Logs the given message to the console.</doc>
<status status="PASS" starttime="20221125 16:32:34.226" endtime="20221125 16:32:34.227"/>
</kw>
<status status="PASS" starttime="20221125 16:32:34.225" endtime="20221125 16:32:34.227"/>
</kw>
<status status="PASS" starttime="20221125 16:32:21.964" endtime="20221125 16:32:34.229"/>
</test>
<test id="s1-t3" name="EditConnectionList" line="51">
<kw name="Open Browser And Maximize" library="Resource_setupnteardown" type="SETUP">
<kw name="Open Browser" library="SeleniumLibrary">
<arg>${URL}</arg>
<arg>${Browser}</arg>
<doc>Opens a new browser instance to the optional ``url``.</doc>
<msg timestamp="20221125 16:32:34.238" level="INFO">Opening browser 'chrome' to base url 'http://localhost:5003/'.</msg>
<status status="PASS" starttime="20221125 16:32:34.236" endtime="20221125 16:32:36.463"/>
</kw>
<kw name="Maximize Browser Window" library="SeleniumLibrary">
<doc>Maximizes current browser window.</doc>
<status status="PASS" starttime="20221125 16:32:36.464" endtime="20221125 16:32:36.589"/>
</kw>
<kw name="Input Text" library="SeleniumLibrary">
<arg>id:UserName</arg>
<arg>OCUA4</arg>
<doc>Types the given ``text`` into the text field identified by ``locator``.</doc>
<msg timestamp="20221125 16:32:36.591" level="INFO">Typing text 'OCUA4' into text field 'id:UserName'.</msg>
<status status="PASS" starttime="20221125 16:32:36.590" endtime="20221125 16:32:36.770"/>
</kw>
<kw name="Input Text" library="SeleniumLibrary">
<arg>id:Password</arg>
<arg>1234</arg>
<doc>Types the given ``text`` into the text field identified by ``locator``.</doc>
<msg timestamp="20221125 16:32:36.771" level="INFO">Typing text '1234' into text field 'id:Password'.</msg>
<status status="PASS" starttime="20221125 16:32:36.770" endtime="20221125 16:32:36.898"/>
</kw>
<kw name="Click Element" library="SeleniumLibrary">
<arg>${signinbutton_Xpath}</arg>
<doc>Click the element identified by ``locator``.</doc>
<msg timestamp="20221125 16:32:36.900" level="INFO">Clicking element 'xpath://*[@id="layoutAuthentication_content"]/main/div/div[1]/div/div/form/div[4]/button'.</msg>
<status status="PASS" starttime="20221125 16:32:36.898" endtime="20221125 16:32:37.412"/>
</kw>
<kw name="Sleep" library="BuiltIn">
<arg>2s</arg>
<doc>Pauses the test executed for the given time.</doc>
<msg timestamp="20221125 16:32:39.413" level="INFO">Slept 2 seconds</msg>
<status status="PASS" starttime="20221125 16:32:37.413" endtime="20221125 16:32:39.414"/>
</kw>
<status status="PASS" starttime="20221125 16:32:34.235" endtime="20221125 16:32:39.414"/>
</kw>
<kw name="ConnectionListPage">
<kw name="Click Element" library="SeleniumLibrary">
<arg>${ProjectMenu_Xpath}</arg>
<doc>Click the element identified by ``locator``.</doc>
<msg timestamp="20221125 16:32:39.417" level="INFO">Clicking element 'xpath://*[@id="three"]'.</msg>
<status status="PASS" starttime="20221125 16:32:39.417" endtime="20221125 16:32:40.895"/>
</kw>
<kw name="Click Element" library="SeleniumLibrary">
<arg>${VariantExplorerTab_Xpath}</arg>
<doc>Click the element identified by ``locator``.</doc>
<msg timestamp="20221125 16:32:40.895" level="INFO">Clicking element 'xpath:/html/body/div[1]/div[2]/main/div[2]/div/ul/li[5]/a'.</msg>
<status status="PASS" starttime="20221125 16:32:40.895" endtime="20221125 16:32:41.154"/>
</kw>
<kw name="Click Element" library="SeleniumLibrary">
<arg>${ConnectionListTab_Xpath}</arg>
<doc>Click the element identified by ``locator``.</doc>
<msg timestamp="20221125 16:32:41.154" level="INFO">Clicking element 'xpath://*[@id="pills-connectionlist-tab"]'.</msg>
<status status="PASS" starttime="20221125 16:32:41.154" endtime="20221125 16:32:41.411"/>
</kw>
<status status="PASS" starttime="20221125 16:32:39.415" endtime="20221125 16:32:41.412"/>
</kw>
<kw name="Set Selenium Implicit Wait" library="SeleniumLibrary">
<arg>${timer}</arg>
<doc>Sets the implicit wait value used by Selenium.</doc>
<status status="PASS" starttime="20221125 16:32:41.413" endtime="20221125 16:32:41.414"/>
</kw>
<kw name="Click Element" library="SeleniumLibrary">
<arg>${SelectConnectionListcheckbox_Xpath}</arg>
<doc>Click the element identified by ``locator``.</doc>
<msg timestamp="20221125 16:32:41.420" level="INFO">Clicking element 'xpath:/html/body/div[1]/div[2]/main/div[3]/div/div[2]/div[2]/div[5]/div[1]/div[2]/div/div[2]/div[2]/div/div[1]/div/label/span'.</msg>
<msg timestamp="20221125 16:32:45.682" level="INFO" html="true">&lt;/td&gt;&lt;/tr&gt;&lt;tr&gt;&lt;td colspan="3"&gt;&lt;a href="selenium-screenshot-67.png"&gt;&lt;img src="selenium-screenshot-67.png" width="800px"&gt;&lt;/a&gt;</msg>
<msg timestamp="20221125 16:32:45.682" level="FAIL">Element with locator 'xpath:/html/body/div[1]/div[2]/main/div[3]/div/div[2]/div[2]/div[5]/div[1]/div[2]/div/div[2]/div[2]/div/div[1]/div/label/span' not found.</msg>
<status status="FAIL" starttime="20221125 16:32:41.416" endtime="20221125 16:32:45.686"/>
</kw>
<kw name="Click Element" library="SeleniumLibrary">
<arg>${ConnectionListEdit_Btn_Xpath}</arg>
<doc>Click the element identified by ``locator``.</doc>
<status status="NOT RUN" starttime="20221125 16:32:45.686" endtime="20221125 16:32:45.686"/>
</kw>
<kw name="Input Text" library="SeleniumLibrary">
<arg>id:txtNewConnectionListName</arg>
<arg>ConnectionList1</arg>
<doc>Types the given ``text`` into the text field identified by ``locator``.</doc>
<status status="NOT RUN" starttime="20221125 16:32:45.686" endtime="20221125 16:32:45.686"/>
</kw>
<kw name="Input Text" library="SeleniumLibrary">
<arg>id:txtNewConnectionListDescription</arg>
<arg>This is edited Connection List under test</arg>
<doc>Types the given ``text`` into the text field identified by ``locator``.</doc>
<status status="NOT RUN" starttime="20221125 16:32:45.686" endtime="20221125 16:32:45.686"/>
</kw>
<kw name="Click Element" library="SeleniumLibrary">
<arg>${ConnectionListEdit_UpdateBtn_Xpath}</arg>
<doc>Click the element identified by ``locator``.</doc>
<status status="NOT RUN" starttime="20221125 16:32:45.686" endtime="20221125 16:32:45.686"/>
</kw>
<kw name="Wait Until Page Contains" library="SeleniumLibrary">
<arg>Connection List Details Updated successfully.</arg>
<doc>Waits until ``text`` appears on the current page.</doc>
<status status="NOT RUN" starttime="20221125 16:32:45.686" endtime="20221125 16:32:45.686"/>
</kw>
<kw name="Close Browser" library="SeleniumLibrary">
<doc>Closes the current browser.</doc>
<status status="NOT RUN" starttime="20221125 16:32:45.686" endtime="20221125 16:32:45.686"/>
</kw>
<kw name="Close Browser Window" library="Resource_setupnteardown" type="TEARDOWN">
<kw name="Close Browser" library="SeleniumLibrary">
<doc>Closes the current browser.</doc>
<status status="PASS" starttime="20221125 16:32:45.694" endtime="20221125 16:32:47.896"/>
</kw>
<kw name="Log To Console" library="BuiltIn">
<arg>Test Completed</arg>
<doc>Logs the given message to the console.</doc>
<status status="PASS" starttime="20221125 16:32:47.896" endtime="20221125 16:32:47.898"/>
</kw>
<status status="PASS" starttime="20221125 16:32:45.686" endtime="20221125 16:32:47.898"/>
</kw>
<status status="FAIL" starttime="20221125 16:32:34.233" endtime="20221125 16:32:47.898">Element with locator 'xpath:/html/body/div[1]/div[2]/main/div[3]/div/div[2]/div[2]/div[5]/div[1]/div[2]/div/div[2]/div[2]/div/div[1]/div/label/span' not found.</status>
</test>
<test id="s1-t4" name="CopyConnectionList" line="69">
<kw name="Open Browser And Maximize" library="Resource_setupnteardown" type="SETUP">
<kw name="Open Browser" library="SeleniumLibrary">
<arg>${URL}</arg>
<arg>${Browser}</arg>
<doc>Opens a new browser instance to the optional ``url``.</doc>
<msg timestamp="20221125 16:32:47.905" level="INFO">Opening browser 'chrome' to base url 'http://localhost:5003/'.</msg>
<status status="PASS" starttime="20221125 16:32:47.903" endtime="20221125 16:32:50.647"/>
</kw>
<kw name="Maximize Browser Window" library="SeleniumLibrary">
<doc>Maximizes current browser window.</doc>
<status status="PASS" starttime="20221125 16:32:50.647" endtime="20221125 16:32:50.797"/>
</kw>
<kw name="Input Text" library="SeleniumLibrary">
<arg>id:UserName</arg>
<arg>OCUA4</arg>
<doc>Types the given ``text`` into the text field identified by ``locator``.</doc>
<msg timestamp="20221125 16:32:50.798" level="INFO">Typing text 'OCUA4' into text field 'id:UserName'.</msg>
<status status="PASS" starttime="20221125 16:32:50.797" endtime="20221125 16:32:50.946"/>
</kw>
<kw name="Input Text" library="SeleniumLibrary">
<arg>id:Password</arg>
<arg>1234</arg>
<doc>Types the given ``text`` into the text field identified by ``locator``.</doc>
<msg timestamp="20221125 16:32:50.950" level="INFO">Typing text '1234' into text field 'id:Password'.</msg>
<status status="PASS" starttime="20221125 16:32:50.946" endtime="20221125 16:32:51.046"/>
</kw>
<kw name="Click Element" library="SeleniumLibrary">
<arg>${signinbutton_Xpath}</arg>
<doc>Click the element identified by ``locator``.</doc>
<msg timestamp="20221125 16:32:51.046" level="INFO">Clicking element 'xpath://*[@id="layoutAuthentication_content"]/main/div/div[1]/div/div/form/div[4]/button'.</msg>
<status status="PASS" starttime="20221125 16:32:51.046" endtime="20221125 16:32:51.369"/>
</kw>
<kw name="Sleep" library="BuiltIn">
<arg>2s</arg>
<doc>Pauses the test executed for the given time.</doc>
<msg timestamp="20221125 16:32:53.369" level="INFO">Slept 2 seconds</msg>
<status status="PASS" starttime="20221125 16:32:51.369" endtime="20221125 16:32:53.369"/>
</kw>
<status status="PASS" starttime="20221125 16:32:47.903" endtime="20221125 16:32:53.370"/>
</kw>
<kw name="ConnectionListPage">
<kw name="Click Element" library="SeleniumLibrary">
<arg>${ProjectMenu_Xpath}</arg>
<doc>Click the element identified by ``locator``.</doc>
<msg timestamp="20221125 16:32:53.370" level="INFO">Clicking element 'xpath://*[@id="three"]'.</msg>
<status status="PASS" starttime="20221125 16:32:53.370" endtime="20221125 16:32:53.905"/>
</kw>
<kw name="Click Element" library="SeleniumLibrary">
<arg>${VariantExplorerTab_Xpath}</arg>
<doc>Click the element identified by ``locator``.</doc>
<msg timestamp="20221125 16:32:53.906" level="INFO">Clicking element 'xpath:/html/body/div[1]/div[2]/main/div[2]/div/ul/li[5]/a'.</msg>
<status status="PASS" starttime="20221125 16:32:53.905" endtime="20221125 16:32:54.399"/>
</kw>
<kw name="Click Element" library="SeleniumLibrary">
<arg>${ConnectionListTab_Xpath}</arg>
<doc>Click the element identified by ``locator``.</doc>
<msg timestamp="20221125 16:32:54.399" level="INFO">Clicking element 'xpath://*[@id="pills-connectionlist-tab"]'.</msg>
<status status="PASS" starttime="20221125 16:32:54.399" endtime="20221125 16:32:54.614"/>
</kw>
<status status="PASS" starttime="20221125 16:32:53.370" endtime="20221125 16:32:54.615"/>
</kw>
<kw name="Set Selenium Implicit Wait" library="SeleniumLibrary">
<arg>${timer}</arg>
<doc>Sets the implicit wait value used by Selenium.</doc>
<status status="PASS" starttime="20221125 16:32:54.616" endtime="20221125 16:32:54.621"/>
</kw>
<kw name="Sleep" library="BuiltIn">
<arg>1</arg>
<doc>Pauses the test executed for the given time.</doc>
<msg timestamp="20221125 16:32:55.625" level="INFO">Slept 1 second</msg>
<status status="PASS" starttime="20221125 16:32:54.624" endtime="20221125 16:32:55.625"/>
</kw>
<kw name="Click Element" library="SeleniumLibrary">
<arg>${SelectConnectionListcheckbox_Xpath}</arg>
<doc>Click the element identified by ``locator``.</doc>
<msg timestamp="20221125 16:32:55.626" level="INFO">Clicking element 'xpath:/html/body/div[1]/div[2]/main/div[3]/div/div[2]/div[2]/div[5]/div[1]/div[2]/div/div[2]/div[2]/div/div[1]/div/label/span'.</msg>
<status status="PASS" starttime="20221125 16:32:55.626" endtime="20221125 16:32:55.696"/>
</kw>
<kw name="Click Element" library="SeleniumLibrary">
<arg>${ConnectionListCopy_Btn_Xpath}</arg>
<doc>Click the element identified by ``locator``.</doc>
<msg timestamp="20221125 16:32:55.704" level="INFO">Clicking element 'xpath://*[@id="btn-conndetails-copy"]'.</msg>
<status status="PASS" starttime="20221125 16:32:55.704" endtime="20221125 16:32:55.789"/>
</kw>
<kw name="Input Text" library="SeleniumLibrary">
<arg>id:txtCopyNewConnectionName</arg>
<arg>ConnectionList2</arg>
<doc>Types the given ``text`` into the text field identified by ``locator``.</doc>
<msg timestamp="20221125 16:32:55.790" level="INFO">Typing text 'ConnectionList2' into text field 'id:txtCopyNewConnectionName'.</msg>
<status status="PASS" starttime="20221125 16:32:55.790" endtime="20221125 16:32:56.081"/>
</kw>
<kw name="Input Text" library="SeleniumLibrary">
<arg>id:txtCopyNewConnectionListDescription</arg>
<arg>This is a duplicate copy of Connection List</arg>
<doc>Types the given ``text`` into the text field identified by ``locator``.</doc>
<msg timestamp="20221125 16:32:56.085" level="INFO">Typing text 'This is a duplicate copy of Connection List' into text field 'id:txtCopyNewConnectionListDescription'.</msg>
<status status="PASS" starttime="20221125 16:32:56.084" endtime="20221125 16:32:56.268"/>
</kw>
<kw name="Click Element" library="SeleniumLibrary">
<arg>${ConnectionListCopy_SaveAsBtn_Xpath}</arg>
<doc>Click the element identified by ``locator``.</doc>
<msg timestamp="20221125 16:32:56.268" level="INFO">Clicking element 'xpath://*[@id="btn-copy-connection"]'.</msg>
<status status="PASS" starttime="20221125 16:32:56.268" endtime="20221125 16:32:56.334"/>
</kw>
<kw name="Wait Until Page Contains" library="SeleniumLibrary">
<arg>Connection List Details Added successfully.</arg>
<doc>Waits until ``text`` appears on the current page.</doc>
<status status="PASS" starttime="20221125 16:32:56.335" endtime="20221125 16:32:56.436"/>
</kw>
<kw name="Close Browser" library="SeleniumLibrary">
<doc>Closes the current browser.</doc>
<status status="PASS" starttime="20221125 16:32:56.436" endtime="20221125 16:32:58.610"/>
</kw>
<kw name="Close Browser Window" library="Resource_setupnteardown" type="TEARDOWN">
<kw name="Close Browser" library="SeleniumLibrary">
<doc>Closes the current browser.</doc>
<status status="PASS" starttime="20221125 16:32:58.610" endtime="20221125 16:32:58.610"/>
</kw>
<kw name="Log To Console" library="BuiltIn">
<arg>Test Completed</arg>
<doc>Logs the given message to the console.</doc>
<status status="PASS" starttime="20221125 16:32:58.610" endtime="20221125 16:32:58.610"/>
</kw>
<status status="PASS" starttime="20221125 16:32:58.610" endtime="20221125 16:32:58.610"/>
</kw>
<status status="PASS" starttime="20221125 16:32:47.901" endtime="20221125 16:32:58.610"/>
</test>
<test id="s1-t5" name="DeleteConnectionList" line="89">
<kw name="Open Browser And Maximize" library="Resource_setupnteardown" type="SETUP">
<kw name="Open Browser" library="SeleniumLibrary">
<arg>${URL}</arg>
<arg>${Browser}</arg>
<doc>Opens a new browser instance to the optional ``url``.</doc>
<msg timestamp="20221125 16:32:58.618" level="INFO">Opening browser 'chrome' to base url 'http://localhost:5003/'.</msg>
<status status="PASS" starttime="20221125 16:32:58.610" endtime="20221125 16:33:02.061"/>
</kw>
<kw name="Maximize Browser Window" library="SeleniumLibrary">
<doc>Maximizes current browser window.</doc>
<status status="PASS" starttime="20221125 16:33:02.061" endtime="20221125 16:33:02.180"/>
</kw>
<kw name="Input Text" library="SeleniumLibrary">
<arg>id:UserName</arg>
<arg>OCUA4</arg>
<doc>Types the given ``text`` into the text field identified by ``locator``.</doc>
<msg timestamp="20221125 16:33:02.180" level="INFO">Typing text 'OCUA4' into text field 'id:UserName'.</msg>
<status status="PASS" starttime="20221125 16:33:02.180" endtime="20221125 16:33:02.297"/>
</kw>
<kw name="Input Text" library="SeleniumLibrary">
<arg>id:Password</arg>
<arg>1234</arg>
<doc>Types the given ``text`` into the text field identified by ``locator``.</doc>
<msg timestamp="20221125 16:33:02.298" level="INFO">Typing text '1234' into text field 'id:Password'.</msg>
<status status="PASS" starttime="20221125 16:33:02.297" endtime="20221125 16:33:02.428"/>
</kw>
<kw name="Click Element" library="SeleniumLibrary">
<arg>${signinbutton_Xpath}</arg>
<doc>Click the element identified by ``locator``.</doc>
<msg timestamp="20221125 16:33:02.428" level="INFO">Clicking element 'xpath://*[@id="layoutAuthentication_content"]/main/div/div[1]/div/div/form/div[4]/button'.</msg>
<status status="PASS" starttime="20221125 16:33:02.428" endtime="20221125 16:33:02.999"/>
</kw>
<kw name="Sleep" library="BuiltIn">
<arg>2s</arg>
<doc>Pauses the test executed for the given time.</doc>
<msg timestamp="20221125 16:33:05.006" level="INFO">Slept 2 seconds</msg>
<status status="PASS" starttime="20221125 16:33:02.999" endtime="20221125 16:33:05.006"/>
</kw>
<status status="PASS" starttime="20221125 16:32:58.610" endtime="20221125 16:33:05.006"/>
</kw>
<kw name="ConnectionListPage">
<kw name="Click Element" library="SeleniumLibrary">
<arg>${ProjectMenu_Xpath}</arg>
<doc>Click the element identified by ``locator``.</doc>
<msg timestamp="20221125 16:33:05.006" level="INFO">Clicking element 'xpath://*[@id="three"]'.</msg>
<status status="PASS" starttime="20221125 16:33:05.006" endtime="20221125 16:33:06.170"/>
</kw>
<kw name="Click Element" library="SeleniumLibrary">
<arg>${VariantExplorerTab_Xpath}</arg>
<doc>Click the element identified by ``locator``.</doc>
<msg timestamp="20221125 16:33:06.171" level="INFO">Clicking element 'xpath:/html/body/div[1]/div[2]/main/div[2]/div/ul/li[5]/a'.</msg>
<status status="PASS" starttime="20221125 16:33:06.170" endtime="20221125 16:33:06.540"/>
</kw>
<kw name="Click Element" library="SeleniumLibrary">
<arg>${ConnectionListTab_Xpath}</arg>
<doc>Click the element identified by ``locator``.</doc>
<msg timestamp="20221125 16:33:06.541" level="INFO">Clicking element 'xpath://*[@id="pills-connectionlist-tab"]'.</msg>
<status status="PASS" starttime="20221125 16:33:06.540" endtime="20221125 16:33:07.114"/>
</kw>
<status status="PASS" starttime="20221125 16:33:05.006" endtime="20221125 16:33:07.114"/>
</kw>
<kw name="Set Selenium Implicit Wait" library="SeleniumLibrary">
<arg>${timer}</arg>
<doc>Sets the implicit wait value used by Selenium.</doc>
<status status="PASS" starttime="20221125 16:33:07.114" endtime="20221125 16:33:07.118"/>
</kw>
<kw name="Click Element" library="SeleniumLibrary">
<arg>${SelectConnectionListcheckbox_Xpath}</arg>
<doc>Click the element identified by ``locator``.</doc>
<msg timestamp="20221125 16:33:07.120" level="INFO">Clicking element 'xpath:/html/body/div[1]/div[2]/main/div[3]/div/div[2]/div[2]/div[5]/div[1]/div[2]/div/div[2]/div[2]/div/div[1]/div/label/span'.</msg>
<msg timestamp="20221125 16:33:11.773" level="INFO" html="true">&lt;/td&gt;&lt;/tr&gt;&lt;tr&gt;&lt;td colspan="3"&gt;&lt;a href="selenium-screenshot-68.png"&gt;&lt;img src="selenium-screenshot-68.png" width="800px"&gt;&lt;/a&gt;</msg>
<msg timestamp="20221125 16:33:11.773" level="FAIL">Element with locator 'xpath:/html/body/div[1]/div[2]/main/div[3]/div/div[2]/div[2]/div[5]/div[1]/div[2]/div/div[2]/div[2]/div/div[1]/div/label/span' not found.</msg>
<status status="FAIL" starttime="20221125 16:33:07.118" endtime="20221125 16:33:11.774"/>
</kw>
<kw name="Click Element" library="SeleniumLibrary">
<arg>${ConnectionListDelete_Btn_Xpath}</arg>
<doc>Click the element identified by ``locator``.</doc>
<status status="NOT RUN" starttime="20221125 16:33:11.775" endtime="20221125 16:33:11.775"/>
</kw>
<kw name="Click Element" library="SeleniumLibrary">
<arg>${ConnectionListConfirmDelete_Btn_Xpath}</arg>
<doc>Click the element identified by ``locator``.</doc>
<status status="NOT RUN" starttime="20221125 16:33:11.776" endtime="20221125 16:33:11.776"/>
</kw>
<kw name="Wait Until Page Contains" library="SeleniumLibrary">
<arg>Deleted Successfully.</arg>
<doc>Waits until ``text`` appears on the current page.</doc>
<status status="NOT RUN" starttime="20221125 16:33:11.777" endtime="20221125 16:33:11.780"/>
</kw>
<kw name="Close Browser" library="SeleniumLibrary">
<doc>Closes the current browser.</doc>
<status status="NOT RUN" starttime="20221125 16:33:11.780" endtime="20221125 16:33:11.780"/>
</kw>
<kw name="Close Browser Window" library="Resource_setupnteardown" type="TEARDOWN">
<kw name="Close Browser" library="SeleniumLibrary">
<doc>Closes the current browser.</doc>
<status status="PASS" starttime="20221125 16:33:11.782" endtime="20221125 16:33:13.961"/>
</kw>
<kw name="Log To Console" library="BuiltIn">
<arg>Test Completed</arg>
<doc>Logs the given message to the console.</doc>
<status status="PASS" starttime="20221125 16:33:13.961" endtime="20221125 16:33:13.961"/>
</kw>
<status status="PASS" starttime="20221125 16:33:11.782" endtime="20221125 16:33:13.961"/>
</kw>
<status status="FAIL" starttime="20221125 16:32:58.610" endtime="20221125 16:33:13.961">Element with locator 'xpath:/html/body/div[1]/div[2]/main/div[3]/div/div[2]/div[2]/div[5]/div[1]/div[2]/div/div[2]/div[2]/div/div[1]/div/label/span' not found.</status>
</test>
<status status="FAIL" starttime="20221125 16:32:13.428" endtime="20221125 16:33:13.961"/>
</suite>
<statistics>
<total>
<stat pass="3" fail="2" skip="0">All Tests</stat>
</total>
<tag>
</tag>
<suite>
<stat pass="3" fail="2" skip="0" id="s1" name="test15 ConnectionListPage">test15 ConnectionListPage</stat>
</suite>
</statistics>
<errors>
</errors>
</robot>
